INFO - 2025-02-19 13:28:26 --> Session: Class initialized using 'CodeIgniter\Session\Handlers\FileHandler' driver.
ERROR - 2025-02-19 13:28:26 --> Error connecting to the database: mysqli_sql_exception: Access denied for user 'root'@'localhost' (using password: YES) in C:\Users\Warvin\Downloads\eAssist\eAssist\system\Database\MySQLi\Connection.php:173
Stack trace:
#0 C:\Users\Warvin\Downloads\eAssist\eAssist\system\Database\MySQLi\Connection.php(173): mysqli->real_connect('localhost', 'root', Object(SensitiveParameterValue), 'db_assist', 3306, '', 0)
#1 C:\Users\Warvin\Downloads\eAssist\eAssist\system\Database\BaseConnection.php(391): CodeIgniter\Database\MySQLi\Connection->connect(false)
#2 C:\Users\Warvin\Downloads\eAssist\eAssist\system\Database\BaseConnection.php(573): CodeIgniter\Database\BaseConnection->initialize()
#3 C:\Users\Warvin\Downloads\eAssist\eAssist\system\Database\BaseBuilder.php(1602): CodeIgniter\Database\BaseConnection->query('SELECT *\nFROM `...', Array, false)
#4 C:\Users\Warvin\Downloads\eAssist\eAssist\system\Model.php(267): CodeIgniter\Database\BaseBuilder->get()
#5 C:\Users\Warvin\Downloads\eAssist\eAssist\system\BaseModel.php(656): CodeIgniter\Model->doFirst()
#6 C:\Users\Warvin\Downloads\eAssist\eAssist\app\Controllers\Home.php(17): CodeIgniter\BaseModel->first()
#7 C:\Users\Warvin\Downloads\eAssist\eAssist\system\CodeIgniter.php(934): App\Controllers\Home->index()
#8 C:\Users\Warvin\Downloads\eAssist\eAssist\system\CodeIgniter.php(499): CodeIgniter\CodeIgniter->runController(Object(App\Controllers\Home))
#9 C:\Users\Warvin\Downloads\eAssist\eAssist\system\CodeIgniter.php(368): CodeIgniter\CodeIgniter->handleRequest(NULL, Object(Config\Cache), false)
#10 C:\Users\Warvin\Downloads\eAssist\eAssist\public\index.php(67): CodeIgniter\CodeIgniter->run()
#11 C:\Users\Warvin\Downloads\eAssist\eAssist\system\Commands\Server\rewrite.php(47): require_once('C:\\Users\\Warvin...')
#12 {main}

Next CodeIgniter\Database\Exceptions\DatabaseException: Access denied for user '****'@'localhost' (using password: YES) in C:\Users\Warvin\Downloads\eAssist\eAssist\system\Database\MySQLi\Connection.php:218
Stack trace:
#0 C:\Users\Warvin\Downloads\eAssist\eAssist\system\Database\BaseConnection.php(391): CodeIgniter\Database\MySQLi\Connection->connect(false)
#1 C:\Users\Warvin\Downloads\eAssist\eAssist\system\Database\BaseConnection.php(573): CodeIgniter\Database\BaseConnection->initialize()
#2 C:\Users\Warvin\Downloads\eAssist\eAssist\system\Database\BaseBuilder.php(1602): CodeIgniter\Database\BaseConnection->query('SELECT *\nFROM `...', Array, false)
#3 C:\Users\Warvin\Downloads\eAssist\eAssist\system\Model.php(267): CodeIgniter\Database\BaseBuilder->get()
#4 C:\Users\Warvin\Downloads\eAssist\eAssist\system\BaseModel.php(656): CodeIgniter\Model->doFirst()
#5 C:\Users\Warvin\Downloads\eAssist\eAssist\app\Controllers\Home.php(17): CodeIgniter\BaseModel->first()
#6 C:\Users\Warvin\Downloads\eAssist\eAssist\system\CodeIgniter.php(934): App\Controllers\Home->index()
#7 C:\Users\Warvin\Downloads\eAssist\eAssist\system\CodeIgniter.php(499): CodeIgniter\CodeIgniter->runController(Object(App\Controllers\Home))
#8 C:\Users\Warvin\Downloads\eAssist\eAssist\system\CodeIgniter.php(368): CodeIgniter\CodeIgniter->handleRequest(NULL, Object(Config\Cache), false)
#9 C:\Users\Warvin\Downloads\eAssist\eAssist\public\index.php(67): CodeIgniter\CodeIgniter->run()
#10 C:\Users\Warvin\Downloads\eAssist\eAssist\system\Commands\Server\rewrite.php(47): require_once('C:\\Users\\Warvin...')
#11 {main}
CRITICAL - 2025-02-19 13:28:26 --> Unable to connect to the database.
Main connection [MySQLi]: Access denied for user '****'@'localhost' (using password: YES)
in SYSTEMPATH\Database\BaseConnection.php on line 427.
 1 SYSTEMPATH\Database\BaseConnection.php(573): CodeIgniter\Database\BaseConnection->initialize()
 2 SYSTEMPATH\Database\BaseBuilder.php(1602): CodeIgniter\Database\BaseConnection->query('SELECT *
FROM `tblsystem`
 LIMIT 1', [], false)
 3 SYSTEMPATH\Model.php(267): CodeIgniter\Database\BaseBuilder->get()
 4 SYSTEMPATH\BaseModel.php(656): CodeIgniter\Model->doFirst()
 5 APPPATH\Controllers\Home.php(17): CodeIgniter\BaseModel->first()
 6 SYSTEMPATH\CodeIgniter.php(934): App\Controllers\Home->index()
 7 SYSTEMPATH\CodeIgniter.php(499): CodeIgniter\CodeIgniter->runController(Object(App\Controllers\Home))
 8 SYSTEMPATH\CodeIgniter.php(368): CodeIgniter\CodeIgniter->handleRequest(null, Object(Config\Cache), false)
 9 FCPATH\index.php(67): CodeIgniter\CodeIgniter->run()
10 SYSTEMPATH\Commands\Server\rewrite.php(47): require_once('FCPATH\\index.php')
INFO - 2025-02-19 13:28:27 --> Session: Class initialized using 'CodeIgniter\Session\Handlers\FileHandler' driver.
ERROR - 2025-02-19 13:28:27 --> Error connecting to the database: mysqli_sql_exception: Access denied for user 'root'@'localhost' (using password: YES) in C:\Users\Warvin\Downloads\eAssist\eAssist\system\Database\MySQLi\Connection.php:173
Stack trace:
#0 C:\Users\Warvin\Downloads\eAssist\eAssist\system\Database\MySQLi\Connection.php(173): mysqli->real_connect('localhost', 'root', Object(SensitiveParameterValue), 'db_assist', 3306, '', 0)
#1 C:\Users\Warvin\Downloads\eAssist\eAssist\system\Database\BaseConnection.php(391): CodeIgniter\Database\MySQLi\Connection->connect(false)
#2 C:\Users\Warvin\Downloads\eAssist\eAssist\system\Database\BaseConnection.php(573): CodeIgniter\Database\BaseConnection->initialize()
#3 C:\Users\Warvin\Downloads\eAssist\eAssist\system\Database\BaseBuilder.php(1602): CodeIgniter\Database\BaseConnection->query('SELECT *\nFROM `...', Array, false)
#4 C:\Users\Warvin\Downloads\eAssist\eAssist\system\Model.php(267): CodeIgniter\Database\BaseBuilder->get()
#5 C:\Users\Warvin\Downloads\eAssist\eAssist\system\BaseModel.php(656): CodeIgniter\Model->doFirst()
#6 C:\Users\Warvin\Downloads\eAssist\eAssist\app\Controllers\Home.php(17): CodeIgniter\BaseModel->first()
#7 C:\Users\Warvin\Downloads\eAssist\eAssist\system\CodeIgniter.php(934): App\Controllers\Home->index()
#8 C:\Users\Warvin\Downloads\eAssist\eAssist\system\CodeIgniter.php(499): CodeIgniter\CodeIgniter->runController(Object(App\Controllers\Home))
#9 C:\Users\Warvin\Downloads\eAssist\eAssist\system\CodeIgniter.php(368): CodeIgniter\CodeIgniter->handleRequest(NULL, Object(Config\Cache), false)
#10 C:\Users\Warvin\Downloads\eAssist\eAssist\public\index.php(67): CodeIgniter\CodeIgniter->run()
#11 C:\Users\Warvin\Downloads\eAssist\eAssist\system\Commands\Server\rewrite.php(47): require_once('C:\\Users\\Warvin...')
#12 {main}

Next CodeIgniter\Database\Exceptions\DatabaseException: Access denied for user '****'@'localhost' (using password: YES) in C:\Users\Warvin\Downloads\eAssist\eAssist\system\Database\MySQLi\Connection.php:218
Stack trace:
#0 C:\Users\Warvin\Downloads\eAssist\eAssist\system\Database\BaseConnection.php(391): CodeIgniter\Database\MySQLi\Connection->connect(false)
#1 C:\Users\Warvin\Downloads\eAssist\eAssist\system\Database\BaseConnection.php(573): CodeIgniter\Database\BaseConnection->initialize()
#2 C:\Users\Warvin\Downloads\eAssist\eAssist\system\Database\BaseBuilder.php(1602): CodeIgniter\Database\BaseConnection->query('SELECT *\nFROM `...', Array, false)
#3 C:\Users\Warvin\Downloads\eAssist\eAssist\system\Model.php(267): CodeIgniter\Database\BaseBuilder->get()
#4 C:\Users\Warvin\Downloads\eAssist\eAssist\system\BaseModel.php(656): CodeIgniter\Model->doFirst()
#5 C:\Users\Warvin\Downloads\eAssist\eAssist\app\Controllers\Home.php(17): CodeIgniter\BaseModel->first()
#6 C:\Users\Warvin\Downloads\eAssist\eAssist\system\CodeIgniter.php(934): App\Controllers\Home->index()
#7 C:\Users\Warvin\Downloads\eAssist\eAssist\system\CodeIgniter.php(499): CodeIgniter\CodeIgniter->runController(Object(App\Controllers\Home))
#8 C:\Users\Warvin\Downloads\eAssist\eAssist\system\CodeIgniter.php(368): CodeIgniter\CodeIgniter->handleRequest(NULL, Object(Config\Cache), false)
#9 C:\Users\Warvin\Downloads\eAssist\eAssist\public\index.php(67): CodeIgniter\CodeIgniter->run()
#10 C:\Users\Warvin\Downloads\eAssist\eAssist\system\Commands\Server\rewrite.php(47): require_once('C:\\Users\\Warvin...')
#11 {main}
CRITICAL - 2025-02-19 13:28:27 --> Unable to connect to the database.
Main connection [MySQLi]: Access denied for user '****'@'localhost' (using password: YES)
in SYSTEMPATH\Database\BaseConnection.php on line 427.
 1 SYSTEMPATH\Database\BaseConnection.php(573): CodeIgniter\Database\BaseConnection->initialize()
 2 SYSTEMPATH\Database\BaseBuilder.php(1602): CodeIgniter\Database\BaseConnection->query('SELECT *
FROM `tblsystem`
 LIMIT 1', [], false)
 3 SYSTEMPATH\Model.php(267): CodeIgniter\Database\BaseBuilder->get()
 4 SYSTEMPATH\BaseModel.php(656): CodeIgniter\Model->doFirst()
 5 APPPATH\Controllers\Home.php(17): CodeIgniter\BaseModel->first()
 6 SYSTEMPATH\CodeIgniter.php(934): App\Controllers\Home->index()
 7 SYSTEMPATH\CodeIgniter.php(499): CodeIgniter\CodeIgniter->runController(Object(App\Controllers\Home))
 8 SYSTEMPATH\CodeIgniter.php(368): CodeIgniter\CodeIgniter->handleRequest(null, Object(Config\Cache), false)
 9 FCPATH\index.php(67): CodeIgniter\CodeIgniter->run()
10 SYSTEMPATH\Commands\Server\rewrite.php(47): require_once('FCPATH\\index.php')
INFO - 2025-02-19 13:29:27 --> Session: Class initialized using 'CodeIgniter\Session\Handlers\FileHandler' driver.
