CRITICAL - 2025-02-08 11:42:09 --> Class "Locale" not found
in SYSTEMPATH\CodeIgniter.php on line 194.
 1 ROOTPATH\spark(83): CodeIgniter\CodeIgniter->initialize()
CRITICAL - 2025-02-08 11:45:21 --> Class "Locale" not found
in SYSTEMPATH\CodeIgniter.php on line 194.
 1 ROOTPATH\spark(83): CodeIgniter\CodeIgniter->initialize()
CRITICAL - 2025-02-08 11:49:08 --> Class "Locale" not found
in SYSTEMPATH\CodeIgniter.php on line 194.
 1 ROOTPATH\spark(83): CodeIgniter\CodeIgniter->initialize()
CRITICAL - 2025-02-08 11:51:09 --> Class "Locale" not found
in SYSTEMPATH\CodeIgniter.php on line 194.
 1 ROOTPATH\spark(83): CodeIgniter\CodeIgniter->initialize()
CRITICAL - 2025-02-08 11:55:56 --> Class "Locale" not found
in SYSTEMPATH\CodeIgniter.php on line 194.
 1 ROOTPATH\spark(83): CodeIgniter\CodeIgniter->initialize()
INFO - 2025-02-08 12:18:36 --> Session: Class initialized using 'CodeIgniter\Session\Handlers\FileHandler' driver.
CRITICAL - 2025-02-08 12:18:36 --> Undefined constant "CodeIgniter\Database\MySQLi\MYSQLI_STORE_RESULT"
in SYSTEMPATH\Database\Database.php on line 138.
 1 SYSTEMPATH\Database\Database.php(56): CodeIgniter\Database\Database->initDriver('MySQLi', 'CodeIgniter\\Database\\MySQLi\\Connection', [...])
 2 SYSTEMPATH\Database\Config.php(82): CodeIgniter\Database\Database->load([...], 'default')
 3 SYSTEMPATH\Common.php(352): CodeIgniter\Database\Config::connect('default', true)
 4 APPPATH\Controllers\Home.php(12): db_connect()
 5 SYSTEMPATH\CodeIgniter.php(906): App\Controllers\Home->__construct()
 6 SYSTEMPATH\CodeIgniter.php(490): CodeIgniter\CodeIgniter->createController()
 7 SYSTEMPATH\CodeIgniter.php(368): CodeIgniter\CodeIgniter->handleRequest(null, Object(Config\Cache), false)
 8 FCPATH\index.php(67): CodeIgniter\CodeIgniter->run()
 9 SYSTEMPATH\Commands\Server\rewrite.php(47): require_once('FCPATH\\index.php')
INFO - 2025-02-08 12:19:57 --> Session: Class initialized using 'CodeIgniter\Session\Handlers\FileHandler' driver.
CRITICAL - 2025-02-08 12:19:57 --> Undefined constant "CodeIgniter\Database\MySQLi\MYSQLI_STORE_RESULT"
in SYSTEMPATH\Database\Database.php on line 138.
 1 SYSTEMPATH\Database\Database.php(56): CodeIgniter\Database\Database->initDriver('MySQLi', 'CodeIgniter\\Database\\MySQLi\\Connection', [...])
 2 SYSTEMPATH\Database\Config.php(82): CodeIgniter\Database\Database->load([...], 'default')
 3 SYSTEMPATH\Common.php(352): CodeIgniter\Database\Config::connect('default', true)
 4 APPPATH\Controllers\Home.php(12): db_connect()
 5 SYSTEMPATH\CodeIgniter.php(906): App\Controllers\Home->__construct()
 6 SYSTEMPATH\CodeIgniter.php(490): CodeIgniter\CodeIgniter->createController()
 7 SYSTEMPATH\CodeIgniter.php(368): CodeIgniter\CodeIgniter->handleRequest(null, Object(Config\Cache), false)
 8 FCPATH\index.php(67): CodeIgniter\CodeIgniter->run()
 9 SYSTEMPATH\Commands\Server\rewrite.php(47): require_once('FCPATH\\index.php')
INFO - 2025-02-08 12:21:09 --> Session: Class initialized using 'CodeIgniter\Session\Handlers\FileHandler' driver.
CRITICAL - 2025-02-08 12:21:09 --> Undefined constant "CodeIgniter\Database\MySQLi\MYSQLI_STORE_RESULT"
in SYSTEMPATH\Database\Database.php on line 138.
 1 SYSTEMPATH\Database\Database.php(56): CodeIgniter\Database\Database->initDriver('MySQLi', 'CodeIgniter\\Database\\MySQLi\\Connection', [...])
 2 SYSTEMPATH\Database\Config.php(82): CodeIgniter\Database\Database->load([...], 'default')
 3 SYSTEMPATH\Common.php(352): CodeIgniter\Database\Config::connect('default', true)
 4 APPPATH\Controllers\Home.php(12): db_connect()
 5 SYSTEMPATH\CodeIgniter.php(906): App\Controllers\Home->__construct()
 6 SYSTEMPATH\CodeIgniter.php(490): CodeIgniter\CodeIgniter->createController()
 7 SYSTEMPATH\CodeIgniter.php(368): CodeIgniter\CodeIgniter->handleRequest(null, Object(Config\Cache), false)
 8 FCPATH\index.php(67): CodeIgniter\CodeIgniter->run()
 9 SYSTEMPATH\Commands\Server\rewrite.php(47): require_once('FCPATH\\index.php')
INFO - 2025-02-08 12:23:09 --> Session: Class initialized using 'CodeIgniter\Session\Handlers\FileHandler' driver.
CRITICAL - 2025-02-08 12:23:09 --> Undefined constant "CodeIgniter\Database\MySQLi\MYSQLI_STORE_RESULT"
in SYSTEMPATH\Database\Database.php on line 138.
 1 SYSTEMPATH\Database\Database.php(56): CodeIgniter\Database\Database->initDriver('MySQLi', 'CodeIgniter\\Database\\MySQLi\\Connection', [...])
 2 SYSTEMPATH\Database\Config.php(82): CodeIgniter\Database\Database->load([...], 'default')
 3 SYSTEMPATH\Common.php(352): CodeIgniter\Database\Config::connect('default', true)
 4 APPPATH\Controllers\Home.php(12): db_connect()
 5 SYSTEMPATH\CodeIgniter.php(906): App\Controllers\Home->__construct()
 6 SYSTEMPATH\CodeIgniter.php(490): CodeIgniter\CodeIgniter->createController()
 7 SYSTEMPATH\CodeIgniter.php(368): CodeIgniter\CodeIgniter->handleRequest(null, Object(Config\Cache), false)
 8 FCPATH\index.php(67): CodeIgniter\CodeIgniter->run()
 9 SYSTEMPATH\Commands\Server\rewrite.php(47): require_once('FCPATH\\index.php')
INFO - 2025-02-08 12:23:11 --> Session: Class initialized using 'CodeIgniter\Session\Handlers\FileHandler' driver.
CRITICAL - 2025-02-08 12:23:11 --> Undefined constant "CodeIgniter\Database\MySQLi\MYSQLI_STORE_RESULT"
in SYSTEMPATH\Database\Database.php on line 138.
 1 SYSTEMPATH\Database\Database.php(56): CodeIgniter\Database\Database->initDriver('MySQLi', 'CodeIgniter\\Database\\MySQLi\\Connection', [...])
 2 SYSTEMPATH\Database\Config.php(82): CodeIgniter\Database\Database->load([...], 'default')
 3 SYSTEMPATH\Common.php(352): CodeIgniter\Database\Config::connect('default', true)
 4 APPPATH\Controllers\Home.php(12): db_connect()
 5 SYSTEMPATH\CodeIgniter.php(906): App\Controllers\Home->__construct()
 6 SYSTEMPATH\CodeIgniter.php(490): CodeIgniter\CodeIgniter->createController()
 7 SYSTEMPATH\CodeIgniter.php(368): CodeIgniter\CodeIgniter->handleRequest(null, Object(Config\Cache), false)
 8 FCPATH\index.php(67): CodeIgniter\CodeIgniter->run()
 9 SYSTEMPATH\Commands\Server\rewrite.php(47): require_once('FCPATH\\index.php')
INFO - 2025-02-08 12:23:11 --> Session: Class initialized using 'CodeIgniter\Session\Handlers\FileHandler' driver.
CRITICAL - 2025-02-08 12:23:11 --> Undefined constant "CodeIgniter\Database\MySQLi\MYSQLI_STORE_RESULT"
in SYSTEMPATH\Database\Database.php on line 138.
 1 SYSTEMPATH\Database\Database.php(56): CodeIgniter\Database\Database->initDriver('MySQLi', 'CodeIgniter\\Database\\MySQLi\\Connection', [...])
 2 SYSTEMPATH\Database\Config.php(82): CodeIgniter\Database\Database->load([...], 'default')
 3 SYSTEMPATH\Common.php(352): CodeIgniter\Database\Config::connect('default', true)
 4 APPPATH\Controllers\Home.php(12): db_connect()
 5 SYSTEMPATH\CodeIgniter.php(906): App\Controllers\Home->__construct()
 6 SYSTEMPATH\CodeIgniter.php(490): CodeIgniter\CodeIgniter->createController()
 7 SYSTEMPATH\CodeIgniter.php(368): CodeIgniter\CodeIgniter->handleRequest(null, Object(Config\Cache), false)
 8 FCPATH\index.php(67): CodeIgniter\CodeIgniter->run()
 9 SYSTEMPATH\Commands\Server\rewrite.php(47): require_once('FCPATH\\index.php')
INFO - 2025-02-08 12:23:11 --> Session: Class initialized using 'CodeIgniter\Session\Handlers\FileHandler' driver.
CRITICAL - 2025-02-08 12:23:11 --> Undefined constant "CodeIgniter\Database\MySQLi\MYSQLI_STORE_RESULT"
in SYSTEMPATH\Database\Database.php on line 138.
 1 SYSTEMPATH\Database\Database.php(56): CodeIgniter\Database\Database->initDriver('MySQLi', 'CodeIgniter\\Database\\MySQLi\\Connection', [...])
 2 SYSTEMPATH\Database\Config.php(82): CodeIgniter\Database\Database->load([...], 'default')
 3 SYSTEMPATH\Common.php(352): CodeIgniter\Database\Config::connect('default', true)
 4 APPPATH\Controllers\Home.php(12): db_connect()
 5 SYSTEMPATH\CodeIgniter.php(906): App\Controllers\Home->__construct()
 6 SYSTEMPATH\CodeIgniter.php(490): CodeIgniter\CodeIgniter->createController()
 7 SYSTEMPATH\CodeIgniter.php(368): CodeIgniter\CodeIgniter->handleRequest(null, Object(Config\Cache), false)
 8 FCPATH\index.php(67): CodeIgniter\CodeIgniter->run()
 9 SYSTEMPATH\Commands\Server\rewrite.php(47): require_once('FCPATH\\index.php')
INFO - 2025-02-08 12:23:11 --> Session: Class initialized using 'CodeIgniter\Session\Handlers\FileHandler' driver.
CRITICAL - 2025-02-08 12:23:11 --> Undefined constant "CodeIgniter\Database\MySQLi\MYSQLI_STORE_RESULT"
in SYSTEMPATH\Database\Database.php on line 138.
 1 SYSTEMPATH\Database\Database.php(56): CodeIgniter\Database\Database->initDriver('MySQLi', 'CodeIgniter\\Database\\MySQLi\\Connection', [...])
 2 SYSTEMPATH\Database\Config.php(82): CodeIgniter\Database\Database->load([...], 'default')
 3 SYSTEMPATH\Common.php(352): CodeIgniter\Database\Config::connect('default', true)
 4 APPPATH\Controllers\Home.php(12): db_connect()
 5 SYSTEMPATH\CodeIgniter.php(906): App\Controllers\Home->__construct()
 6 SYSTEMPATH\CodeIgniter.php(490): CodeIgniter\CodeIgniter->createController()
 7 SYSTEMPATH\CodeIgniter.php(368): CodeIgniter\CodeIgniter->handleRequest(null, Object(Config\Cache), false)
 8 FCPATH\index.php(67): CodeIgniter\CodeIgniter->run()
 9 SYSTEMPATH\Commands\Server\rewrite.php(47): require_once('FCPATH\\index.php')
INFO - 2025-02-08 12:23:12 --> Session: Class initialized using 'CodeIgniter\Session\Handlers\FileHandler' driver.
CRITICAL - 2025-02-08 12:23:12 --> Undefined constant "CodeIgniter\Database\MySQLi\MYSQLI_STORE_RESULT"
in SYSTEMPATH\Database\Database.php on line 138.
 1 SYSTEMPATH\Database\Database.php(56): CodeIgniter\Database\Database->initDriver('MySQLi', 'CodeIgniter\\Database\\MySQLi\\Connection', [...])
 2 SYSTEMPATH\Database\Config.php(82): CodeIgniter\Database\Database->load([...], 'default')
 3 SYSTEMPATH\Common.php(352): CodeIgniter\Database\Config::connect('default', true)
 4 APPPATH\Controllers\Home.php(12): db_connect()
 5 SYSTEMPATH\CodeIgniter.php(906): App\Controllers\Home->__construct()
 6 SYSTEMPATH\CodeIgniter.php(490): CodeIgniter\CodeIgniter->createController()
 7 SYSTEMPATH\CodeIgniter.php(368): CodeIgniter\CodeIgniter->handleRequest(null, Object(Config\Cache), false)
 8 FCPATH\index.php(67): CodeIgniter\CodeIgniter->run()
 9 SYSTEMPATH\Commands\Server\rewrite.php(47): require_once('FCPATH\\index.php')
INFO - 2025-02-08 12:23:12 --> Session: Class initialized using 'CodeIgniter\Session\Handlers\FileHandler' driver.
CRITICAL - 2025-02-08 12:23:12 --> Undefined constant "CodeIgniter\Database\MySQLi\MYSQLI_STORE_RESULT"
in SYSTEMPATH\Database\Database.php on line 138.
 1 SYSTEMPATH\Database\Database.php(56): CodeIgniter\Database\Database->initDriver('MySQLi', 'CodeIgniter\\Database\\MySQLi\\Connection', [...])
 2 SYSTEMPATH\Database\Config.php(82): CodeIgniter\Database\Database->load([...], 'default')
 3 SYSTEMPATH\Common.php(352): CodeIgniter\Database\Config::connect('default', true)
 4 APPPATH\Controllers\Home.php(12): db_connect()
 5 SYSTEMPATH\CodeIgniter.php(906): App\Controllers\Home->__construct()
 6 SYSTEMPATH\CodeIgniter.php(490): CodeIgniter\CodeIgniter->createController()
 7 SYSTEMPATH\CodeIgniter.php(368): CodeIgniter\CodeIgniter->handleRequest(null, Object(Config\Cache), false)
 8 FCPATH\index.php(67): CodeIgniter\CodeIgniter->run()
 9 SYSTEMPATH\Commands\Server\rewrite.php(47): require_once('FCPATH\\index.php')
INFO - 2025-02-08 12:23:12 --> Session: Class initialized using 'CodeIgniter\Session\Handlers\FileHandler' driver.
CRITICAL - 2025-02-08 12:23:12 --> Undefined constant "CodeIgniter\Database\MySQLi\MYSQLI_STORE_RESULT"
in SYSTEMPATH\Database\Database.php on line 138.
 1 SYSTEMPATH\Database\Database.php(56): CodeIgniter\Database\Database->initDriver('MySQLi', 'CodeIgniter\\Database\\MySQLi\\Connection', [...])
 2 SYSTEMPATH\Database\Config.php(82): CodeIgniter\Database\Database->load([...], 'default')
 3 SYSTEMPATH\Common.php(352): CodeIgniter\Database\Config::connect('default', true)
 4 APPPATH\Controllers\Home.php(12): db_connect()
 5 SYSTEMPATH\CodeIgniter.php(906): App\Controllers\Home->__construct()
 6 SYSTEMPATH\CodeIgniter.php(490): CodeIgniter\CodeIgniter->createController()
 7 SYSTEMPATH\CodeIgniter.php(368): CodeIgniter\CodeIgniter->handleRequest(null, Object(Config\Cache), false)
 8 FCPATH\index.php(67): CodeIgniter\CodeIgniter->run()
 9 SYSTEMPATH\Commands\Server\rewrite.php(47): require_once('FCPATH\\index.php')
INFO - 2025-02-08 12:23:12 --> Session: Class initialized using 'CodeIgniter\Session\Handlers\FileHandler' driver.
CRITICAL - 2025-02-08 12:23:12 --> Undefined constant "CodeIgniter\Database\MySQLi\MYSQLI_STORE_RESULT"
in SYSTEMPATH\Database\Database.php on line 138.
 1 SYSTEMPATH\Database\Database.php(56): CodeIgniter\Database\Database->initDriver('MySQLi', 'CodeIgniter\\Database\\MySQLi\\Connection', [...])
 2 SYSTEMPATH\Database\Config.php(82): CodeIgniter\Database\Database->load([...], 'default')
 3 SYSTEMPATH\Common.php(352): CodeIgniter\Database\Config::connect('default', true)
 4 APPPATH\Controllers\Home.php(12): db_connect()
 5 SYSTEMPATH\CodeIgniter.php(906): App\Controllers\Home->__construct()
 6 SYSTEMPATH\CodeIgniter.php(490): CodeIgniter\CodeIgniter->createController()
 7 SYSTEMPATH\CodeIgniter.php(368): CodeIgniter\CodeIgniter->handleRequest(null, Object(Config\Cache), false)
 8 FCPATH\index.php(67): CodeIgniter\CodeIgniter->run()
 9 SYSTEMPATH\Commands\Server\rewrite.php(47): require_once('FCPATH\\index.php')
INFO - 2025-02-08 12:23:12 --> Session: Class initialized using 'CodeIgniter\Session\Handlers\FileHandler' driver.
CRITICAL - 2025-02-08 12:23:12 --> Undefined constant "CodeIgniter\Database\MySQLi\MYSQLI_STORE_RESULT"
in SYSTEMPATH\Database\Database.php on line 138.
 1 SYSTEMPATH\Database\Database.php(56): CodeIgniter\Database\Database->initDriver('MySQLi', 'CodeIgniter\\Database\\MySQLi\\Connection', [...])
 2 SYSTEMPATH\Database\Config.php(82): CodeIgniter\Database\Database->load([...], 'default')
 3 SYSTEMPATH\Common.php(352): CodeIgniter\Database\Config::connect('default', true)
 4 APPPATH\Controllers\Home.php(12): db_connect()
 5 SYSTEMPATH\CodeIgniter.php(906): App\Controllers\Home->__construct()
 6 SYSTEMPATH\CodeIgniter.php(490): CodeIgniter\CodeIgniter->createController()
 7 SYSTEMPATH\CodeIgniter.php(368): CodeIgniter\CodeIgniter->handleRequest(null, Object(Config\Cache), false)
 8 FCPATH\index.php(67): CodeIgniter\CodeIgniter->run()
 9 SYSTEMPATH\Commands\Server\rewrite.php(47): require_once('FCPATH\\index.php')
INFO - 2025-02-08 12:23:38 --> Session: Class initialized using 'CodeIgniter\Session\Handlers\FileHandler' driver.
ERROR - 2025-02-08 12:23:56 --> Error connecting to the database: mysqli_sql_exception: Access denied for user 'root'@'localhost' (using password: YES) in C:\Users\Warvin\Desktop\My Files\eAssist\system\Database\MySQLi\Connection.php:173
Stack trace:
#0 C:\Users\Warvin\Desktop\My Files\eAssist\system\Database\MySQLi\Connection.php(173): mysqli->real_connect('localhost', 'root', Object(SensitiveParameterValue), 'db_assist', 3306, '', 0)
#1 C:\Users\Warvin\Desktop\My Files\eAssist\system\Database\BaseConnection.php(391): CodeIgniter\Database\MySQLi\Connection->connect(false)
#2 C:\Users\Warvin\Desktop\My Files\eAssist\system\Database\BaseConnection.php(573): CodeIgniter\Database\BaseConnection->initialize()
#3 C:\Users\Warvin\Desktop\My Files\eAssist\system\Database\BaseBuilder.php(1602): CodeIgniter\Database\BaseConnection->query('SELECT 1\nFROM `...', Array, false)
#4 C:\Users\Warvin\Desktop\My Files\eAssist\system\Validation\StrictRules\Rules.php(147): CodeIgniter\Database\BaseBuilder->get()
#5 C:\Users\Warvin\Desktop\My Files\eAssist\system\Validation\Validation.php(312): CodeIgniter\Validation\StrictRules\Rules->is_not_unique('juan.delacruz@g...', 'Email', Array, NULL, 'email')
#6 C:\Users\Warvin\Desktop\My Files\eAssist\system\Validation\Validation.php(170): CodeIgniter\Validation\Validation->processRules('email', 'email', 'juan.delacruz@g...', Array, Array)
#7 C:\Users\Warvin\Desktop\My Files\eAssist\system\Controller.php(140): CodeIgniter\Validation\Validation->run()
#8 C:\Users\Warvin\Desktop\My Files\eAssist\app\Controllers\Home.php(112): CodeIgniter\Controller->validate(Array)
#9 C:\Users\Warvin\Desktop\My Files\eAssist\system\CodeIgniter.php(934): App\Controllers\Home->Auth()
#10 C:\Users\Warvin\Desktop\My Files\eAssist\system\CodeIgniter.php(499): CodeIgniter\CodeIgniter->runController(Object(App\Controllers\Home))
#11 C:\Users\Warvin\Desktop\My Files\eAssist\system\CodeIgniter.php(368): CodeIgniter\CodeIgniter->handleRequest(NULL, Object(Config\Cache), false)
#12 C:\Users\Warvin\Desktop\My Files\eAssist\public\index.php(67): CodeIgniter\CodeIgniter->run()
#13 C:\Users\Warvin\Desktop\My Files\eAssist\system\Commands\Server\rewrite.php(47): require_once('C:\\Users\\Warvin...')
#14 {main}

Next CodeIgniter\Database\Exceptions\DatabaseException: Access denied for user '****'@'localhost' (using password: YES) in C:\Users\Warvin\Desktop\My Files\eAssist\system\Database\MySQLi\Connection.php:218
Stack trace:
#0 C:\Users\Warvin\Desktop\My Files\eAssist\system\Database\BaseConnection.php(391): CodeIgniter\Database\MySQLi\Connection->connect(false)
#1 C:\Users\Warvin\Desktop\My Files\eAssist\system\Database\BaseConnection.php(573): CodeIgniter\Database\BaseConnection->initialize()
#2 C:\Users\Warvin\Desktop\My Files\eAssist\system\Database\BaseBuilder.php(1602): CodeIgniter\Database\BaseConnection->query('SELECT 1\nFROM `...', Array, false)
#3 C:\Users\Warvin\Desktop\My Files\eAssist\system\Validation\StrictRules\Rules.php(147): CodeIgniter\Database\BaseBuilder->get()
#4 C:\Users\Warvin\Desktop\My Files\eAssist\system\Validation\Validation.php(312): CodeIgniter\Validation\StrictRules\Rules->is_not_unique('juan.delacruz@g...', 'Email', Array, NULL, 'email')
#5 C:\Users\Warvin\Desktop\My Files\eAssist\system\Validation\Validation.php(170): CodeIgniter\Validation\Validation->processRules('email', 'email', 'juan.delacruz@g...', Array, Array)
#6 C:\Users\Warvin\Desktop\My Files\eAssist\system\Controller.php(140): CodeIgniter\Validation\Validation->run()
#7 C:\Users\Warvin\Desktop\My Files\eAssist\app\Controllers\Home.php(112): CodeIgniter\Controller->validate(Array)
#8 C:\Users\Warvin\Desktop\My Files\eAssist\system\CodeIgniter.php(934): App\Controllers\Home->Auth()
#9 C:\Users\Warvin\Desktop\My Files\eAssist\system\CodeIgniter.php(499): CodeIgniter\CodeIgniter->runController(Object(App\Controllers\Home))
#10 C:\Users\Warvin\Desktop\My Files\eAssist\system\CodeIgniter.php(368): CodeIgniter\CodeIgniter->handleRequest(NULL, Object(Config\Cache), false)
#11 C:\Users\Warvin\Desktop\My Files\eAssist\public\index.php(67): CodeIgniter\CodeIgniter->run()
#12 C:\Users\Warvin\Desktop\My Files\eAssist\system\Commands\Server\rewrite.php(47): require_once('C:\\Users\\Warvin...')
#13 {main}
CRITICAL - 2025-02-08 12:23:56 --> Unable to connect to the database.
Main connection [MySQLi]: Access denied for user '****'@'localhost' (using password: YES)
in SYSTEMPATH\Database\BaseConnection.php on line 427.
 1 SYSTEMPATH\Database\BaseConnection.php(573): CodeIgniter\Database\BaseConnection->initialize()
 2 SYSTEMPATH\Database\BaseBuilder.php(1602): CodeIgniter\Database\BaseConnection->query('SELECT 1
FROM `tblaccount`
WHERE `Email` = :Email:
 LIMIT 1', [...], false)
 3 SYSTEMPATH\Validation\StrictRules\Rules.php(147): CodeIgniter\Database\BaseBuilder->get()
 4 SYSTEMPATH\Validation\Validation.php(312): CodeIgniter\Validation\StrictRules\Rules->is_not_unique('juan.delacruz@gmail.com', 'Email', [...], null, 'email')
 5 SYSTEMPATH\Validation\Validation.php(170): CodeIgniter\Validation\Validation->processRules('email', 'email', 'juan.delacruz@gmail.com', [...], [...])
 6 SYSTEMPATH\Controller.php(140): CodeIgniter\Validation\Validation->run()
 7 APPPATH\Controllers\Home.php(112): CodeIgniter\Controller->validate([...])
 8 SYSTEMPATH\CodeIgniter.php(934): App\Controllers\Home->Auth()
 9 SYSTEMPATH\CodeIgniter.php(499): CodeIgniter\CodeIgniter->runController(Object(App\Controllers\Home))
10 SYSTEMPATH\CodeIgniter.php(368): CodeIgniter\CodeIgniter->handleRequest(null, Object(Config\Cache), false)
11 FCPATH\index.php(67): CodeIgniter\CodeIgniter->run()
12 SYSTEMPATH\Commands\Server\rewrite.php(47): require_once('FCPATH\\index.php')
INFO - 2025-02-08 12:28:14 --> Session: Class initialized using 'CodeIgniter\Session\Handlers\FileHandler' driver.
INFO - 2025-02-08 12:29:16 --> Session: Class initialized using 'CodeIgniter\Session\Handlers\FileHandler' driver.
INFO - 2025-02-08 12:29:23 --> Session: Class initialized using 'CodeIgniter\Session\Handlers\FileHandler' driver.
INFO - 2025-02-08 12:29:24 --> Session: Class initialized using 'CodeIgniter\Session\Handlers\FileHandler' driver.
ERROR - 2025-02-08 12:29:24 --> mysqli_sql_exception: Expression #1 of SELECT list is not in GROUP BY clause and contains nonaggregated column 'db_assist.a.actionID' which is not functionally dependent on columns in GROUP BY clause; this is incompatible with sql_mode=only_full_group_by in C:\Users\Warvin\Desktop\My Files\eAssist\system\Database\MySQLi\Connection.php:295
Stack trace:
#0 C:\Users\Warvin\Desktop\My Files\eAssist\system\Database\MySQLi\Connection.php(295): mysqli->query('SELECT `a`.*, `...', 0)
#1 C:\Users\Warvin\Desktop\My Files\eAssist\system\Database\BaseConnection.php(691): CodeIgniter\Database\MySQLi\Connection->execute('SELECT `a`.*, `...')
#2 C:\Users\Warvin\Desktop\My Files\eAssist\system\Database\BaseConnection.php(605): CodeIgniter\Database\BaseConnection->simpleQuery('SELECT `a`.*, `...')
#3 C:\Users\Warvin\Desktop\My Files\eAssist\system\Database\BaseBuilder.php(1602): CodeIgniter\Database\BaseConnection->query('SELECT `a`.*, `...', Array, false)
#4 C:\Users\Warvin\Desktop\My Files\eAssist\app\Views\user\index.php(388): CodeIgniter\Database\BaseBuilder->get()
#5 C:\Users\Warvin\Desktop\My Files\eAssist\system\View\View.php(213): include('C:\\Users\\Warvin...')
#6 C:\Users\Warvin\Desktop\My Files\eAssist\system\View\View.php(216): CodeIgniter\View\View->CodeIgniter\View\{closure}()
#7 C:\Users\Warvin\Desktop\My Files\eAssist\system\Common.php(1177): CodeIgniter\View\View->render('user/index', Array, true)
#8 C:\Users\Warvin\Desktop\My Files\eAssist\app\Controllers\Home.php(405): view('user/index', Array)
#9 C:\Users\Warvin\Desktop\My Files\eAssist\system\CodeIgniter.php(934): App\Controllers\Home->userDashboard()
#10 C:\Users\Warvin\Desktop\My Files\eAssist\system\CodeIgniter.php(499): CodeIgniter\CodeIgniter->runController(Object(App\Controllers\Home))
#11 C:\Users\Warvin\Desktop\My Files\eAssist\system\CodeIgniter.php(368): CodeIgniter\CodeIgniter->handleRequest(NULL, Object(Config\Cache), false)
#12 C:\Users\Warvin\Desktop\My Files\eAssist\public\index.php(67): CodeIgniter\CodeIgniter->run()
#13 C:\Users\Warvin\Desktop\My Files\eAssist\system\Commands\Server\rewrite.php(47): require_once('C:\\Users\\Warvin...')
#14 {main}
CRITICAL - 2025-02-08 12:29:24 --> Expression #1 of SELECT list is not in GROUP BY clause and contains nonaggregated column 'db_assist.a.actionID' which is not functionally dependent on columns in GROUP BY clause; this is incompatible with sql_mode=only_full_group_by
in SYSTEMPATH\Database\BaseConnection.php on line 645.
 1 SYSTEMPATH\Database\BaseBuilder.php(1602): CodeIgniter\Database\BaseConnection->query('SELECT `a`.*, `b`.`Code`, `c`.`subjectName`
FROM `tblaction` `a`
LEFT JOIN `tblform` `b` ON `b`.`formID`=`a`.`formID`
LEFT JOIN `tblsubject` `c` ON `c`.`subjectID`=`b`.`subjectID`
WHERE `b`.`Status` = :b.Status:
GROUP BY `b`.`formID`', [...], false)
 2 APPPATH\Views\user\index.php(388): CodeIgniter\Database\BaseBuilder->get()
 3 SYSTEMPATH\View\View.php(213): include('APPPATH\\Views\\user\\index.php')
 4 SYSTEMPATH\View\View.php(216): CodeIgniter\View\View->CodeIgniter\View\{closure}()
 5 SYSTEMPATH\Common.php(1177): CodeIgniter\View\View->render('user/index', [], true)
 6 APPPATH\Controllers\Home.php(405): view('user/index', [...])
 7 SYSTEMPATH\CodeIgniter.php(934): App\Controllers\Home->userDashboard()
 8 SYSTEMPATH\CodeIgniter.php(499): CodeIgniter\CodeIgniter->runController(Object(App\Controllers\Home))
 9 SYSTEMPATH\CodeIgniter.php(368): CodeIgniter\CodeIgniter->handleRequest(null, Object(Config\Cache), false)
10 FCPATH\index.php(67): CodeIgniter\CodeIgniter->run()
11 SYSTEMPATH\Commands\Server\rewrite.php(47): require_once('FCPATH\\index.php')
INFO - 2025-02-08 12:31:41 --> Session: Class initialized using 'CodeIgniter\Session\Handlers\FileHandler' driver.
ERROR - 2025-02-08 12:31:41 --> mysqli_sql_exception: Expression #1 of SELECT list is not in GROUP BY clause and contains nonaggregated column 'db_assist.a.actionID' which is not functionally dependent on columns in GROUP BY clause; this is incompatible with sql_mode=only_full_group_by in C:\Users\Warvin\Desktop\My Files\eAssist\system\Database\MySQLi\Connection.php:295
Stack trace:
#0 C:\Users\Warvin\Desktop\My Files\eAssist\system\Database\MySQLi\Connection.php(295): mysqli->query('SELECT `a`.*, `...', 0)
#1 C:\Users\Warvin\Desktop\My Files\eAssist\system\Database\BaseConnection.php(691): CodeIgniter\Database\MySQLi\Connection->execute('SELECT `a`.*, `...')
#2 C:\Users\Warvin\Desktop\My Files\eAssist\system\Database\BaseConnection.php(605): CodeIgniter\Database\BaseConnection->simpleQuery('SELECT `a`.*, `...')
#3 C:\Users\Warvin\Desktop\My Files\eAssist\system\Database\BaseBuilder.php(1602): CodeIgniter\Database\BaseConnection->query('SELECT `a`.*, `...', Array, false)
#4 C:\Users\Warvin\Desktop\My Files\eAssist\app\Views\user\index.php(451): CodeIgniter\Database\BaseBuilder->get()
#5 C:\Users\Warvin\Desktop\My Files\eAssist\system\View\View.php(213): include('C:\\Users\\Warvin...')
#6 C:\Users\Warvin\Desktop\My Files\eAssist\system\View\View.php(216): CodeIgniter\View\View->CodeIgniter\View\{closure}()
#7 C:\Users\Warvin\Desktop\My Files\eAssist\system\Common.php(1177): CodeIgniter\View\View->render('user/index', Array, true)
#8 C:\Users\Warvin\Desktop\My Files\eAssist\app\Controllers\Home.php(405): view('user/index', Array)
#9 C:\Users\Warvin\Desktop\My Files\eAssist\system\CodeIgniter.php(934): App\Controllers\Home->userDashboard()
#10 C:\Users\Warvin\Desktop\My Files\eAssist\system\CodeIgniter.php(499): CodeIgniter\CodeIgniter->runController(Object(App\Controllers\Home))
#11 C:\Users\Warvin\Desktop\My Files\eAssist\system\CodeIgniter.php(368): CodeIgniter\CodeIgniter->handleRequest(NULL, Object(Config\Cache), false)
#12 C:\Users\Warvin\Desktop\My Files\eAssist\public\index.php(67): CodeIgniter\CodeIgniter->run()
#13 C:\Users\Warvin\Desktop\My Files\eAssist\system\Commands\Server\rewrite.php(47): require_once('C:\\Users\\Warvin...')
#14 {main}
CRITICAL - 2025-02-08 12:31:41 --> Expression #1 of SELECT list is not in GROUP BY clause and contains nonaggregated column 'db_assist.a.actionID' which is not functionally dependent on columns in GROUP BY clause; this is incompatible with sql_mode=only_full_group_by
in SYSTEMPATH\Database\BaseConnection.php on line 645.
 1 SYSTEMPATH\Database\BaseBuilder.php(1602): CodeIgniter\Database\BaseConnection->query('SELECT `a`.*, `b`.`Code`, `c`.`subjectName`
FROM `tblaction` as `a`
LEFT JOIN `tblform` as `b` ON `b`.`formID`=`a`.`formID`
LEFT JOIN `tblsubject` as `c` ON `c`.`subjectID`=`b`.`subjectID`
WHERE `b`.`Status` = :b.Status:
GROUP BY `b`.`formID`', [...], false)
 2 APPPATH\Views\user\index.php(451): CodeIgniter\Database\BaseBuilder->get()
 3 SYSTEMPATH\View\View.php(213): include('APPPATH\\Views\\user\\index.php')
 4 SYSTEMPATH\View\View.php(216): CodeIgniter\View\View->CodeIgniter\View\{closure}()
 5 SYSTEMPATH\Common.php(1177): CodeIgniter\View\View->render('user/index', [], true)
 6 APPPATH\Controllers\Home.php(405): view('user/index', [...])
 7 SYSTEMPATH\CodeIgniter.php(934): App\Controllers\Home->userDashboard()
 8 SYSTEMPATH\CodeIgniter.php(499): CodeIgniter\CodeIgniter->runController(Object(App\Controllers\Home))
 9 SYSTEMPATH\CodeIgniter.php(368): CodeIgniter\CodeIgniter->handleRequest(null, Object(Config\Cache), false)
10 FCPATH\index.php(67): CodeIgniter\CodeIgniter->run()
11 SYSTEMPATH\Commands\Server\rewrite.php(47): require_once('FCPATH\\index.php')
INFO - 2025-02-08 12:32:00 --> Session: Class initialized using 'CodeIgniter\Session\Handlers\FileHandler' driver.
INFO - 2025-02-08 12:32:00 --> Session: Class initialized using 'CodeIgniter\Session\Handlers\FileHandler' driver.
INFO - 2025-02-08 12:32:08 --> Session: Class initialized using 'CodeIgniter\Session\Handlers\FileHandler' driver.
INFO - 2025-02-08 12:32:08 --> Session: Class initialized using 'CodeIgniter\Session\Handlers\FileHandler' driver.
ERROR - 2025-02-08 12:32:08 --> mysqli_sql_exception: Expression #1 of SELECT list is not in GROUP BY clause and contains nonaggregated column 'db_assist.a.actionID' which is not functionally dependent on columns in GROUP BY clause; this is incompatible with sql_mode=only_full_group_by in C:\Users\Warvin\Desktop\My Files\eAssist\system\Database\MySQLi\Connection.php:295
Stack trace:
#0 C:\Users\Warvin\Desktop\My Files\eAssist\system\Database\MySQLi\Connection.php(295): mysqli->query('SELECT `a`.*, `...', 0)
#1 C:\Users\Warvin\Desktop\My Files\eAssist\system\Database\BaseConnection.php(691): CodeIgniter\Database\MySQLi\Connection->execute('SELECT `a`.*, `...')
#2 C:\Users\Warvin\Desktop\My Files\eAssist\system\Database\BaseConnection.php(605): CodeIgniter\Database\BaseConnection->simpleQuery('SELECT `a`.*, `...')
#3 C:\Users\Warvin\Desktop\My Files\eAssist\system\Database\BaseBuilder.php(1602): CodeIgniter\Database\BaseConnection->query('SELECT `a`.*, `...', Array, false)
#4 C:\Users\Warvin\Desktop\My Files\eAssist\app\Views\admin\index.php(397): CodeIgniter\Database\BaseBuilder->get()
#5 C:\Users\Warvin\Desktop\My Files\eAssist\system\View\View.php(213): include('C:\\Users\\Warvin...')
#6 C:\Users\Warvin\Desktop\My Files\eAssist\system\View\View.php(216): CodeIgniter\View\View->CodeIgniter\View\{closure}()
#7 C:\Users\Warvin\Desktop\My Files\eAssist\system\Common.php(1177): CodeIgniter\View\View->render('admin/index', Array, true)
#8 C:\Users\Warvin\Desktop\My Files\eAssist\app\Controllers\Home.php(187): view('admin/index', Array)
#9 C:\Users\Warvin\Desktop\My Files\eAssist\system\CodeIgniter.php(934): App\Controllers\Home->adminDashboard()
#10 C:\Users\Warvin\Desktop\My Files\eAssist\system\CodeIgniter.php(499): CodeIgniter\CodeIgniter->runController(Object(App\Controllers\Home))
#11 C:\Users\Warvin\Desktop\My Files\eAssist\system\CodeIgniter.php(368): CodeIgniter\CodeIgniter->handleRequest(NULL, Object(Config\Cache), false)
#12 C:\Users\Warvin\Desktop\My Files\eAssist\public\index.php(67): CodeIgniter\CodeIgniter->run()
#13 C:\Users\Warvin\Desktop\My Files\eAssist\system\Commands\Server\rewrite.php(47): require_once('C:\\Users\\Warvin...')
#14 {main}
CRITICAL - 2025-02-08 12:32:08 --> Expression #1 of SELECT list is not in GROUP BY clause and contains nonaggregated column 'db_assist.a.actionID' which is not functionally dependent on columns in GROUP BY clause; this is incompatible with sql_mode=only_full_group_by
in SYSTEMPATH\Database\BaseConnection.php on line 645.
 1 SYSTEMPATH\Database\BaseBuilder.php(1602): CodeIgniter\Database\BaseConnection->query('SELECT `a`.*, `b`.`Code`, `c`.`subjectName`
FROM `tblaction` `a`
LEFT JOIN `tblform` `b` ON `b`.`formID`=`a`.`formID`
LEFT JOIN `tblsubject` `c` ON `c`.`subjectID`=`b`.`subjectID`
WHERE `b`.`Status` = :b.Status:
GROUP BY `b`.`formID`', [...], false)
 2 APPPATH\Views\admin\index.php(397): CodeIgniter\Database\BaseBuilder->get()
 3 SYSTEMPATH\View\View.php(213): include('APPPATH\\Views\\admin\\index.php')
 4 SYSTEMPATH\View\View.php(216): CodeIgniter\View\View->CodeIgniter\View\{closure}()
 5 SYSTEMPATH\Common.php(1177): CodeIgniter\View\View->render('admin/index', [], true)
 6 APPPATH\Controllers\Home.php(187): view('admin/index', [...])
 7 SYSTEMPATH\CodeIgniter.php(934): App\Controllers\Home->adminDashboard()
 8 SYSTEMPATH\CodeIgniter.php(499): CodeIgniter\CodeIgniter->runController(Object(App\Controllers\Home))
 9 SYSTEMPATH\CodeIgniter.php(368): CodeIgniter\CodeIgniter->handleRequest(null, Object(Config\Cache), false)
10 FCPATH\index.php(67): CodeIgniter\CodeIgniter->run()
11 SYSTEMPATH\Commands\Server\rewrite.php(47): require_once('FCPATH\\index.php')
INFO - 2025-02-08 12:36:07 --> Session: Class initialized using 'CodeIgniter\Session\Handlers\FileHandler' driver.
INFO - 2025-02-08 12:36:07 --> Session: Class initialized using 'CodeIgniter\Session\Handlers\FileHandler' driver.
INFO - 2025-02-08 12:36:28 --> Session: Class initialized using 'CodeIgniter\Session\Handlers\FileHandler' driver.
INFO - 2025-02-08 12:36:37 --> Session: Class initialized using 'CodeIgniter\Session\Handlers\FileHandler' driver.
INFO - 2025-02-08 12:36:37 --> Session: Class initialized using 'CodeIgniter\Session\Handlers\FileHandler' driver.
CRITICAL - 2025-02-08 12:36:37 --> Undefined property: stdClass::$ImplementationDate
in APPPATH\Views\admin\index.php on line 467.
 1 APPPATH\Views\admin\index.php(467): CodeIgniter\Debug\Exceptions->errorHandler(2, 'Undefined property: stdClass::$ImplementationDate', 'APPPATH\\Views\\admin\\index.php', 467)
 2 SYSTEMPATH\View\View.php(213): include('APPPATH\\Views\\admin\\index.php')
 3 SYSTEMPATH\View\View.php(216): CodeIgniter\View\View->CodeIgniter\View\{closure}()
 4 SYSTEMPATH\Common.php(1177): CodeIgniter\View\View->render('admin/index', [], true)
 5 APPPATH\Controllers\Home.php(187): view('admin/index', [...])
 6 SYSTEMPATH\CodeIgniter.php(934): App\Controllers\Home->adminDashboard()
 7 SYSTEMPATH\CodeIgniter.php(499): CodeIgniter\CodeIgniter->runController(Object(App\Controllers\Home))
 8 SYSTEMPATH\CodeIgniter.php(368): CodeIgniter\CodeIgniter->handleRequest(null, Object(Config\Cache), false)
 9 FCPATH\index.php(67): CodeIgniter\CodeIgniter->run()
10 SYSTEMPATH\Commands\Server\rewrite.php(47): require_once('FCPATH\\index.php')
INFO - 2025-02-08 12:37:22 --> Session: Class initialized using 'CodeIgniter\Session\Handlers\FileHandler' driver.
ERROR - 2025-02-08 12:37:22 --> mysqli_sql_exception: Expression #2 of SELECT list is not in GROUP BY clause and contains nonaggregated column 'db_assist.a.ImplementationDate' which is not functionally dependent on columns in GROUP BY clause; this is incompatible with sql_mode=only_full_group_by in C:\Users\Warvin\Desktop\My Files\eAssist\system\Database\MySQLi\Connection.php:295
Stack trace:
#0 C:\Users\Warvin\Desktop\My Files\eAssist\system\Database\MySQLi\Connection.php(295): mysqli->query('SELECT `a`.`for...', 0)
#1 C:\Users\Warvin\Desktop\My Files\eAssist\system\Database\BaseConnection.php(691): CodeIgniter\Database\MySQLi\Connection->execute('SELECT `a`.`for...')
#2 C:\Users\Warvin\Desktop\My Files\eAssist\system\Database\BaseConnection.php(605): CodeIgniter\Database\BaseConnection->simpleQuery('SELECT `a`.`for...')
#3 C:\Users\Warvin\Desktop\My Files\eAssist\system\Database\BaseBuilder.php(1602): CodeIgniter\Database\BaseConnection->query('SELECT `a`.`for...', Array, false)
#4 C:\Users\Warvin\Desktop\My Files\eAssist\app\Views\admin\index.php(464): CodeIgniter\Database\BaseBuilder->get()
#5 C:\Users\Warvin\Desktop\My Files\eAssist\system\View\View.php(213): include('C:\\Users\\Warvin...')
#6 C:\Users\Warvin\Desktop\My Files\eAssist\system\View\View.php(216): CodeIgniter\View\View->CodeIgniter\View\{closure}()
#7 C:\Users\Warvin\Desktop\My Files\eAssist\system\Common.php(1177): CodeIgniter\View\View->render('admin/index', Array, true)
#8 C:\Users\Warvin\Desktop\My Files\eAssist\app\Controllers\Home.php(187): view('admin/index', Array)
#9 C:\Users\Warvin\Desktop\My Files\eAssist\system\CodeIgniter.php(934): App\Controllers\Home->adminDashboard()
#10 C:\Users\Warvin\Desktop\My Files\eAssist\system\CodeIgniter.php(499): CodeIgniter\CodeIgniter->runController(Object(App\Controllers\Home))
#11 C:\Users\Warvin\Desktop\My Files\eAssist\system\CodeIgniter.php(368): CodeIgniter\CodeIgniter->handleRequest(NULL, Object(Config\Cache), false)
#12 C:\Users\Warvin\Desktop\My Files\eAssist\public\index.php(67): CodeIgniter\CodeIgniter->run()
#13 C:\Users\Warvin\Desktop\My Files\eAssist\system\Commands\Server\rewrite.php(47): require_once('C:\\Users\\Warvin...')
#14 {main}
CRITICAL - 2025-02-08 12:37:22 --> Expression #2 of SELECT list is not in GROUP BY clause and contains nonaggregated column 'db_assist.a.ImplementationDate' which is not functionally dependent on columns in GROUP BY clause; this is incompatible with sql_mode=only_full_group_by
in SYSTEMPATH\Database\BaseConnection.php on line 645.
 1 SYSTEMPATH\Database\BaseBuilder.php(1602): CodeIgniter\Database\BaseConnection->query('SELECT `a`.`formID`, `a`.`ImplementationDate`, `b`.`Code`, `c`.`subjectName`
FROM `tblaction` `a`
LEFT JOIN `tblform` `b` ON `b`.`formID`=`a`.`formID`
LEFT JOIN `tblsubject` `c` ON `c`.`subjectID`=`b`.`subjectID`
WHERE `b`.`Status` = :b.Status:
GROUP BY `b`.`formID`', [...], false)
 2 APPPATH\Views\admin\index.php(464): CodeIgniter\Database\BaseBuilder->get()
 3 SYSTEMPATH\View\View.php(213): include('APPPATH\\Views\\admin\\index.php')
 4 SYSTEMPATH\View\View.php(216): CodeIgniter\View\View->CodeIgniter\View\{closure}()
 5 SYSTEMPATH\Common.php(1177): CodeIgniter\View\View->render('admin/index', [], true)
 6 APPPATH\Controllers\Home.php(187): view('admin/index', [...])
 7 SYSTEMPATH\CodeIgniter.php(934): App\Controllers\Home->adminDashboard()
 8 SYSTEMPATH\CodeIgniter.php(499): CodeIgniter\CodeIgniter->runController(Object(App\Controllers\Home))
 9 SYSTEMPATH\CodeIgniter.php(368): CodeIgniter\CodeIgniter->handleRequest(null, Object(Config\Cache), false)
10 FCPATH\index.php(67): CodeIgniter\CodeIgniter->run()
11 SYSTEMPATH\Commands\Server\rewrite.php(47): require_once('FCPATH\\index.php')
INFO - 2025-02-08 12:38:21 --> Session: Class initialized using 'CodeIgniter\Session\Handlers\FileHandler' driver.
ERROR - 2025-02-08 12:38:22 --> mysqli_sql_exception: Expression #2 of SELECT list is not in GROUP BY clause and contains nonaggregated column 'db_assist.a.ImplementationDate' which is not functionally dependent on columns in GROUP BY clause; this is incompatible with sql_mode=only_full_group_by in C:\Users\Warvin\Desktop\My Files\eAssist\system\Database\MySQLi\Connection.php:295
Stack trace:
#0 C:\Users\Warvin\Desktop\My Files\eAssist\system\Database\MySQLi\Connection.php(295): mysqli->query('SELECT `a`.`for...', 0)
#1 C:\Users\Warvin\Desktop\My Files\eAssist\system\Database\BaseConnection.php(691): CodeIgniter\Database\MySQLi\Connection->execute('SELECT `a`.`for...')
#2 C:\Users\Warvin\Desktop\My Files\eAssist\system\Database\BaseConnection.php(605): CodeIgniter\Database\BaseConnection->simpleQuery('SELECT `a`.`for...')
#3 C:\Users\Warvin\Desktop\My Files\eAssist\system\Database\BaseBuilder.php(1602): CodeIgniter\Database\BaseConnection->query('SELECT `a`.`for...', Array, false)
#4 C:\Users\Warvin\Desktop\My Files\eAssist\app\Views\admin\index.php(464): CodeIgniter\Database\BaseBuilder->get()
#5 C:\Users\Warvin\Desktop\My Files\eAssist\system\View\View.php(213): include('C:\\Users\\Warvin...')
#6 C:\Users\Warvin\Desktop\My Files\eAssist\system\View\View.php(216): CodeIgniter\View\View->CodeIgniter\View\{closure}()
#7 C:\Users\Warvin\Desktop\My Files\eAssist\system\Common.php(1177): CodeIgniter\View\View->render('admin/index', Array, true)
#8 C:\Users\Warvin\Desktop\My Files\eAssist\app\Controllers\Home.php(187): view('admin/index', Array)
#9 C:\Users\Warvin\Desktop\My Files\eAssist\system\CodeIgniter.php(934): App\Controllers\Home->adminDashboard()
#10 C:\Users\Warvin\Desktop\My Files\eAssist\system\CodeIgniter.php(499): CodeIgniter\CodeIgniter->runController(Object(App\Controllers\Home))
#11 C:\Users\Warvin\Desktop\My Files\eAssist\system\CodeIgniter.php(368): CodeIgniter\CodeIgniter->handleRequest(NULL, Object(Config\Cache), false)
#12 C:\Users\Warvin\Desktop\My Files\eAssist\public\index.php(67): CodeIgniter\CodeIgniter->run()
#13 C:\Users\Warvin\Desktop\My Files\eAssist\system\Commands\Server\rewrite.php(47): require_once('C:\\Users\\Warvin...')
#14 {main}
CRITICAL - 2025-02-08 12:38:22 --> Expression #2 of SELECT list is not in GROUP BY clause and contains nonaggregated column 'db_assist.a.ImplementationDate' which is not functionally dependent on columns in GROUP BY clause; this is incompatible with sql_mode=only_full_group_by
in SYSTEMPATH\Database\BaseConnection.php on line 645.
 1 SYSTEMPATH\Database\BaseBuilder.php(1602): CodeIgniter\Database\BaseConnection->query('SELECT `a`.`formID`, `a`.`ImplementationDate`, `b`.`Code`, `c`.`subjectName`
FROM `tblaction` `a`
LEFT JOIN `tblform` `b` ON `b`.`formID`=`a`.`formID`
LEFT JOIN `tblsubject` `c` ON `c`.`subjectID`=`b`.`subjectID`
WHERE `b`.`Status` = :b.Status:
GROUP BY `a`.`formID`', [...], false)
 2 APPPATH\Views\admin\index.php(464): CodeIgniter\Database\BaseBuilder->get()
 3 SYSTEMPATH\View\View.php(213): include('APPPATH\\Views\\admin\\index.php')
 4 SYSTEMPATH\View\View.php(216): CodeIgniter\View\View->CodeIgniter\View\{closure}()
 5 SYSTEMPATH\Common.php(1177): CodeIgniter\View\View->render('admin/index', [], true)
 6 APPPATH\Controllers\Home.php(187): view('admin/index', [...])
 7 SYSTEMPATH\CodeIgniter.php(934): App\Controllers\Home->adminDashboard()
 8 SYSTEMPATH\CodeIgniter.php(499): CodeIgniter\CodeIgniter->runController(Object(App\Controllers\Home))
 9 SYSTEMPATH\CodeIgniter.php(368): CodeIgniter\CodeIgniter->handleRequest(null, Object(Config\Cache), false)
10 FCPATH\index.php(67): CodeIgniter\CodeIgniter->run()
11 SYSTEMPATH\Commands\Server\rewrite.php(47): require_once('FCPATH\\index.php')
INFO - 2025-02-08 12:38:22 --> Session: Class initialized using 'CodeIgniter\Session\Handlers\FileHandler' driver.
ERROR - 2025-02-08 12:38:22 --> mysqli_sql_exception: Expression #2 of SELECT list is not in GROUP BY clause and contains nonaggregated column 'db_assist.a.ImplementationDate' which is not functionally dependent on columns in GROUP BY clause; this is incompatible with sql_mode=only_full_group_by in C:\Users\Warvin\Desktop\My Files\eAssist\system\Database\MySQLi\Connection.php:295
Stack trace:
#0 C:\Users\Warvin\Desktop\My Files\eAssist\system\Database\MySQLi\Connection.php(295): mysqli->query('SELECT `a`.`for...', 0)
#1 C:\Users\Warvin\Desktop\My Files\eAssist\system\Database\BaseConnection.php(691): CodeIgniter\Database\MySQLi\Connection->execute('SELECT `a`.`for...')
#2 C:\Users\Warvin\Desktop\My Files\eAssist\system\Database\BaseConnection.php(605): CodeIgniter\Database\BaseConnection->simpleQuery('SELECT `a`.`for...')
#3 C:\Users\Warvin\Desktop\My Files\eAssist\system\Database\BaseBuilder.php(1602): CodeIgniter\Database\BaseConnection->query('SELECT `a`.`for...', Array, false)
#4 C:\Users\Warvin\Desktop\My Files\eAssist\app\Views\admin\index.php(464): CodeIgniter\Database\BaseBuilder->get()
#5 C:\Users\Warvin\Desktop\My Files\eAssist\system\View\View.php(213): include('C:\\Users\\Warvin...')
#6 C:\Users\Warvin\Desktop\My Files\eAssist\system\View\View.php(216): CodeIgniter\View\View->CodeIgniter\View\{closure}()
#7 C:\Users\Warvin\Desktop\My Files\eAssist\system\Common.php(1177): CodeIgniter\View\View->render('admin/index', Array, true)
#8 C:\Users\Warvin\Desktop\My Files\eAssist\app\Controllers\Home.php(187): view('admin/index', Array)
#9 C:\Users\Warvin\Desktop\My Files\eAssist\system\CodeIgniter.php(934): App\Controllers\Home->adminDashboard()
#10 C:\Users\Warvin\Desktop\My Files\eAssist\system\CodeIgniter.php(499): CodeIgniter\CodeIgniter->runController(Object(App\Controllers\Home))
#11 C:\Users\Warvin\Desktop\My Files\eAssist\system\CodeIgniter.php(368): CodeIgniter\CodeIgniter->handleRequest(NULL, Object(Config\Cache), false)
#12 C:\Users\Warvin\Desktop\My Files\eAssist\public\index.php(67): CodeIgniter\CodeIgniter->run()
#13 C:\Users\Warvin\Desktop\My Files\eAssist\system\Commands\Server\rewrite.php(47): require_once('C:\\Users\\Warvin...')
#14 {main}
CRITICAL - 2025-02-08 12:38:22 --> Expression #2 of SELECT list is not in GROUP BY clause and contains nonaggregated column 'db_assist.a.ImplementationDate' which is not functionally dependent on columns in GROUP BY clause; this is incompatible with sql_mode=only_full_group_by
in SYSTEMPATH\Database\BaseConnection.php on line 645.
 1 SYSTEMPATH\Database\BaseBuilder.php(1602): CodeIgniter\Database\BaseConnection->query('SELECT `a`.`formID`, `a`.`ImplementationDate`, `b`.`Code`, `c`.`subjectName`
FROM `tblaction` `a`
LEFT JOIN `tblform` `b` ON `b`.`formID`=`a`.`formID`
LEFT JOIN `tblsubject` `c` ON `c`.`subjectID`=`b`.`subjectID`
WHERE `b`.`Status` = :b.Status:
GROUP BY `a`.`formID`', [...], false)
 2 APPPATH\Views\admin\index.php(464): CodeIgniter\Database\BaseBuilder->get()
 3 SYSTEMPATH\View\View.php(213): include('APPPATH\\Views\\admin\\index.php')
 4 SYSTEMPATH\View\View.php(216): CodeIgniter\View\View->CodeIgniter\View\{closure}()
 5 SYSTEMPATH\Common.php(1177): CodeIgniter\View\View->render('admin/index', [], true)
 6 APPPATH\Controllers\Home.php(187): view('admin/index', [...])
 7 SYSTEMPATH\CodeIgniter.php(934): App\Controllers\Home->adminDashboard()
 8 SYSTEMPATH\CodeIgniter.php(499): CodeIgniter\CodeIgniter->runController(Object(App\Controllers\Home))
 9 SYSTEMPATH\CodeIgniter.php(368): CodeIgniter\CodeIgniter->handleRequest(null, Object(Config\Cache), false)
10 FCPATH\index.php(67): CodeIgniter\CodeIgniter->run()
11 SYSTEMPATH\Commands\Server\rewrite.php(47): require_once('FCPATH\\index.php')
INFO - 2025-02-08 12:38:23 --> Session: Class initialized using 'CodeIgniter\Session\Handlers\FileHandler' driver.
ERROR - 2025-02-08 12:38:23 --> mysqli_sql_exception: Expression #2 of SELECT list is not in GROUP BY clause and contains nonaggregated column 'db_assist.a.ImplementationDate' which is not functionally dependent on columns in GROUP BY clause; this is incompatible with sql_mode=only_full_group_by in C:\Users\Warvin\Desktop\My Files\eAssist\system\Database\MySQLi\Connection.php:295
Stack trace:
#0 C:\Users\Warvin\Desktop\My Files\eAssist\system\Database\MySQLi\Connection.php(295): mysqli->query('SELECT `a`.`for...', 0)
#1 C:\Users\Warvin\Desktop\My Files\eAssist\system\Database\BaseConnection.php(691): CodeIgniter\Database\MySQLi\Connection->execute('SELECT `a`.`for...')
#2 C:\Users\Warvin\Desktop\My Files\eAssist\system\Database\BaseConnection.php(605): CodeIgniter\Database\BaseConnection->simpleQuery('SELECT `a`.`for...')
#3 C:\Users\Warvin\Desktop\My Files\eAssist\system\Database\BaseBuilder.php(1602): CodeIgniter\Database\BaseConnection->query('SELECT `a`.`for...', Array, false)
#4 C:\Users\Warvin\Desktop\My Files\eAssist\app\Views\admin\index.php(464): CodeIgniter\Database\BaseBuilder->get()
#5 C:\Users\Warvin\Desktop\My Files\eAssist\system\View\View.php(213): include('C:\\Users\\Warvin...')
#6 C:\Users\Warvin\Desktop\My Files\eAssist\system\View\View.php(216): CodeIgniter\View\View->CodeIgniter\View\{closure}()
#7 C:\Users\Warvin\Desktop\My Files\eAssist\system\Common.php(1177): CodeIgniter\View\View->render('admin/index', Array, true)
#8 C:\Users\Warvin\Desktop\My Files\eAssist\app\Controllers\Home.php(187): view('admin/index', Array)
#9 C:\Users\Warvin\Desktop\My Files\eAssist\system\CodeIgniter.php(934): App\Controllers\Home->adminDashboard()
#10 C:\Users\Warvin\Desktop\My Files\eAssist\system\CodeIgniter.php(499): CodeIgniter\CodeIgniter->runController(Object(App\Controllers\Home))
#11 C:\Users\Warvin\Desktop\My Files\eAssist\system\CodeIgniter.php(368): CodeIgniter\CodeIgniter->handleRequest(NULL, Object(Config\Cache), false)
#12 C:\Users\Warvin\Desktop\My Files\eAssist\public\index.php(67): CodeIgniter\CodeIgniter->run()
#13 C:\Users\Warvin\Desktop\My Files\eAssist\system\Commands\Server\rewrite.php(47): require_once('C:\\Users\\Warvin...')
#14 {main}
CRITICAL - 2025-02-08 12:38:23 --> Expression #2 of SELECT list is not in GROUP BY clause and contains nonaggregated column 'db_assist.a.ImplementationDate' which is not functionally dependent on columns in GROUP BY clause; this is incompatible with sql_mode=only_full_group_by
in SYSTEMPATH\Database\BaseConnection.php on line 645.
 1 SYSTEMPATH\Database\BaseBuilder.php(1602): CodeIgniter\Database\BaseConnection->query('SELECT `a`.`formID`, `a`.`ImplementationDate`, `b`.`Code`, `c`.`subjectName`
FROM `tblaction` `a`
LEFT JOIN `tblform` `b` ON `b`.`formID`=`a`.`formID`
LEFT JOIN `tblsubject` `c` ON `c`.`subjectID`=`b`.`subjectID`
WHERE `b`.`Status` = :b.Status:
GROUP BY `a`.`formID`', [...], false)
 2 APPPATH\Views\admin\index.php(464): CodeIgniter\Database\BaseBuilder->get()
 3 SYSTEMPATH\View\View.php(213): include('APPPATH\\Views\\admin\\index.php')
 4 SYSTEMPATH\View\View.php(216): CodeIgniter\View\View->CodeIgniter\View\{closure}()
 5 SYSTEMPATH\Common.php(1177): CodeIgniter\View\View->render('admin/index', [], true)
 6 APPPATH\Controllers\Home.php(187): view('admin/index', [...])
 7 SYSTEMPATH\CodeIgniter.php(934): App\Controllers\Home->adminDashboard()
 8 SYSTEMPATH\CodeIgniter.php(499): CodeIgniter\CodeIgniter->runController(Object(App\Controllers\Home))
 9 SYSTEMPATH\CodeIgniter.php(368): CodeIgniter\CodeIgniter->handleRequest(null, Object(Config\Cache), false)
10 FCPATH\index.php(67): CodeIgniter\CodeIgniter->run()
11 SYSTEMPATH\Commands\Server\rewrite.php(47): require_once('FCPATH\\index.php')
INFO - 2025-02-08 12:38:23 --> Session: Class initialized using 'CodeIgniter\Session\Handlers\FileHandler' driver.
ERROR - 2025-02-08 12:38:23 --> mysqli_sql_exception: Expression #2 of SELECT list is not in GROUP BY clause and contains nonaggregated column 'db_assist.a.ImplementationDate' which is not functionally dependent on columns in GROUP BY clause; this is incompatible with sql_mode=only_full_group_by in C:\Users\Warvin\Desktop\My Files\eAssist\system\Database\MySQLi\Connection.php:295
Stack trace:
#0 C:\Users\Warvin\Desktop\My Files\eAssist\system\Database\MySQLi\Connection.php(295): mysqli->query('SELECT `a`.`for...', 0)
#1 C:\Users\Warvin\Desktop\My Files\eAssist\system\Database\BaseConnection.php(691): CodeIgniter\Database\MySQLi\Connection->execute('SELECT `a`.`for...')
#2 C:\Users\Warvin\Desktop\My Files\eAssist\system\Database\BaseConnection.php(605): CodeIgniter\Database\BaseConnection->simpleQuery('SELECT `a`.`for...')
#3 C:\Users\Warvin\Desktop\My Files\eAssist\system\Database\BaseBuilder.php(1602): CodeIgniter\Database\BaseConnection->query('SELECT `a`.`for...', Array, false)
#4 C:\Users\Warvin\Desktop\My Files\eAssist\app\Views\admin\index.php(464): CodeIgniter\Database\BaseBuilder->get()
#5 C:\Users\Warvin\Desktop\My Files\eAssist\system\View\View.php(213): include('C:\\Users\\Warvin...')
#6 C:\Users\Warvin\Desktop\My Files\eAssist\system\View\View.php(216): CodeIgniter\View\View->CodeIgniter\View\{closure}()
#7 C:\Users\Warvin\Desktop\My Files\eAssist\system\Common.php(1177): CodeIgniter\View\View->render('admin/index', Array, true)
#8 C:\Users\Warvin\Desktop\My Files\eAssist\app\Controllers\Home.php(187): view('admin/index', Array)
#9 C:\Users\Warvin\Desktop\My Files\eAssist\system\CodeIgniter.php(934): App\Controllers\Home->adminDashboard()
#10 C:\Users\Warvin\Desktop\My Files\eAssist\system\CodeIgniter.php(499): CodeIgniter\CodeIgniter->runController(Object(App\Controllers\Home))
#11 C:\Users\Warvin\Desktop\My Files\eAssist\system\CodeIgniter.php(368): CodeIgniter\CodeIgniter->handleRequest(NULL, Object(Config\Cache), false)
#12 C:\Users\Warvin\Desktop\My Files\eAssist\public\index.php(67): CodeIgniter\CodeIgniter->run()
#13 C:\Users\Warvin\Desktop\My Files\eAssist\system\Commands\Server\rewrite.php(47): require_once('C:\\Users\\Warvin...')
#14 {main}
CRITICAL - 2025-02-08 12:38:23 --> Expression #2 of SELECT list is not in GROUP BY clause and contains nonaggregated column 'db_assist.a.ImplementationDate' which is not functionally dependent on columns in GROUP BY clause; this is incompatible with sql_mode=only_full_group_by
in SYSTEMPATH\Database\BaseConnection.php on line 645.
 1 SYSTEMPATH\Database\BaseBuilder.php(1602): CodeIgniter\Database\BaseConnection->query('SELECT `a`.`formID`, `a`.`ImplementationDate`, `b`.`Code`, `c`.`subjectName`
FROM `tblaction` `a`
LEFT JOIN `tblform` `b` ON `b`.`formID`=`a`.`formID`
LEFT JOIN `tblsubject` `c` ON `c`.`subjectID`=`b`.`subjectID`
WHERE `b`.`Status` = :b.Status:
GROUP BY `a`.`formID`', [...], false)
 2 APPPATH\Views\admin\index.php(464): CodeIgniter\Database\BaseBuilder->get()
 3 SYSTEMPATH\View\View.php(213): include('APPPATH\\Views\\admin\\index.php')
 4 SYSTEMPATH\View\View.php(216): CodeIgniter\View\View->CodeIgniter\View\{closure}()
 5 SYSTEMPATH\Common.php(1177): CodeIgniter\View\View->render('admin/index', [], true)
 6 APPPATH\Controllers\Home.php(187): view('admin/index', [...])
 7 SYSTEMPATH\CodeIgniter.php(934): App\Controllers\Home->adminDashboard()
 8 SYSTEMPATH\CodeIgniter.php(499): CodeIgniter\CodeIgniter->runController(Object(App\Controllers\Home))
 9 SYSTEMPATH\CodeIgniter.php(368): CodeIgniter\CodeIgniter->handleRequest(null, Object(Config\Cache), false)
10 FCPATH\index.php(67): CodeIgniter\CodeIgniter->run()
11 SYSTEMPATH\Commands\Server\rewrite.php(47): require_once('FCPATH\\index.php')
INFO - 2025-02-08 12:38:23 --> Session: Class initialized using 'CodeIgniter\Session\Handlers\FileHandler' driver.
ERROR - 2025-02-08 12:38:23 --> mysqli_sql_exception: Expression #2 of SELECT list is not in GROUP BY clause and contains nonaggregated column 'db_assist.a.ImplementationDate' which is not functionally dependent on columns in GROUP BY clause; this is incompatible with sql_mode=only_full_group_by in C:\Users\Warvin\Desktop\My Files\eAssist\system\Database\MySQLi\Connection.php:295
Stack trace:
#0 C:\Users\Warvin\Desktop\My Files\eAssist\system\Database\MySQLi\Connection.php(295): mysqli->query('SELECT `a`.`for...', 0)
#1 C:\Users\Warvin\Desktop\My Files\eAssist\system\Database\BaseConnection.php(691): CodeIgniter\Database\MySQLi\Connection->execute('SELECT `a`.`for...')
#2 C:\Users\Warvin\Desktop\My Files\eAssist\system\Database\BaseConnection.php(605): CodeIgniter\Database\BaseConnection->simpleQuery('SELECT `a`.`for...')
#3 C:\Users\Warvin\Desktop\My Files\eAssist\system\Database\BaseBuilder.php(1602): CodeIgniter\Database\BaseConnection->query('SELECT `a`.`for...', Array, false)
#4 C:\Users\Warvin\Desktop\My Files\eAssist\app\Views\admin\index.php(464): CodeIgniter\Database\BaseBuilder->get()
#5 C:\Users\Warvin\Desktop\My Files\eAssist\system\View\View.php(213): include('C:\\Users\\Warvin...')
#6 C:\Users\Warvin\Desktop\My Files\eAssist\system\View\View.php(216): CodeIgniter\View\View->CodeIgniter\View\{closure}()
#7 C:\Users\Warvin\Desktop\My Files\eAssist\system\Common.php(1177): CodeIgniter\View\View->render('admin/index', Array, true)
#8 C:\Users\Warvin\Desktop\My Files\eAssist\app\Controllers\Home.php(187): view('admin/index', Array)
#9 C:\Users\Warvin\Desktop\My Files\eAssist\system\CodeIgniter.php(934): App\Controllers\Home->adminDashboard()
#10 C:\Users\Warvin\Desktop\My Files\eAssist\system\CodeIgniter.php(499): CodeIgniter\CodeIgniter->runController(Object(App\Controllers\Home))
#11 C:\Users\Warvin\Desktop\My Files\eAssist\system\CodeIgniter.php(368): CodeIgniter\CodeIgniter->handleRequest(NULL, Object(Config\Cache), false)
#12 C:\Users\Warvin\Desktop\My Files\eAssist\public\index.php(67): CodeIgniter\CodeIgniter->run()
#13 C:\Users\Warvin\Desktop\My Files\eAssist\system\Commands\Server\rewrite.php(47): require_once('C:\\Users\\Warvin...')
#14 {main}
CRITICAL - 2025-02-08 12:38:23 --> Expression #2 of SELECT list is not in GROUP BY clause and contains nonaggregated column 'db_assist.a.ImplementationDate' which is not functionally dependent on columns in GROUP BY clause; this is incompatible with sql_mode=only_full_group_by
in SYSTEMPATH\Database\BaseConnection.php on line 645.
 1 SYSTEMPATH\Database\BaseBuilder.php(1602): CodeIgniter\Database\BaseConnection->query('SELECT `a`.`formID`, `a`.`ImplementationDate`, `b`.`Code`, `c`.`subjectName`
FROM `tblaction` `a`
LEFT JOIN `tblform` `b` ON `b`.`formID`=`a`.`formID`
LEFT JOIN `tblsubject` `c` ON `c`.`subjectID`=`b`.`subjectID`
WHERE `b`.`Status` = :b.Status:
GROUP BY `a`.`formID`', [...], false)
 2 APPPATH\Views\admin\index.php(464): CodeIgniter\Database\BaseBuilder->get()
 3 SYSTEMPATH\View\View.php(213): include('APPPATH\\Views\\admin\\index.php')
 4 SYSTEMPATH\View\View.php(216): CodeIgniter\View\View->CodeIgniter\View\{closure}()
 5 SYSTEMPATH\Common.php(1177): CodeIgniter\View\View->render('admin/index', [], true)
 6 APPPATH\Controllers\Home.php(187): view('admin/index', [...])
 7 SYSTEMPATH\CodeIgniter.php(934): App\Controllers\Home->adminDashboard()
 8 SYSTEMPATH\CodeIgniter.php(499): CodeIgniter\CodeIgniter->runController(Object(App\Controllers\Home))
 9 SYSTEMPATH\CodeIgniter.php(368): CodeIgniter\CodeIgniter->handleRequest(null, Object(Config\Cache), false)
10 FCPATH\index.php(67): CodeIgniter\CodeIgniter->run()
11 SYSTEMPATH\Commands\Server\rewrite.php(47): require_once('FCPATH\\index.php')
INFO - 2025-02-08 12:38:24 --> Session: Class initialized using 'CodeIgniter\Session\Handlers\FileHandler' driver.
ERROR - 2025-02-08 12:38:24 --> mysqli_sql_exception: Expression #2 of SELECT list is not in GROUP BY clause and contains nonaggregated column 'db_assist.a.ImplementationDate' which is not functionally dependent on columns in GROUP BY clause; this is incompatible with sql_mode=only_full_group_by in C:\Users\Warvin\Desktop\My Files\eAssist\system\Database\MySQLi\Connection.php:295
Stack trace:
#0 C:\Users\Warvin\Desktop\My Files\eAssist\system\Database\MySQLi\Connection.php(295): mysqli->query('SELECT `a`.`for...', 0)
#1 C:\Users\Warvin\Desktop\My Files\eAssist\system\Database\BaseConnection.php(691): CodeIgniter\Database\MySQLi\Connection->execute('SELECT `a`.`for...')
#2 C:\Users\Warvin\Desktop\My Files\eAssist\system\Database\BaseConnection.php(605): CodeIgniter\Database\BaseConnection->simpleQuery('SELECT `a`.`for...')
#3 C:\Users\Warvin\Desktop\My Files\eAssist\system\Database\BaseBuilder.php(1602): CodeIgniter\Database\BaseConnection->query('SELECT `a`.`for...', Array, false)
#4 C:\Users\Warvin\Desktop\My Files\eAssist\app\Views\admin\index.php(464): CodeIgniter\Database\BaseBuilder->get()
#5 C:\Users\Warvin\Desktop\My Files\eAssist\system\View\View.php(213): include('C:\\Users\\Warvin...')
#6 C:\Users\Warvin\Desktop\My Files\eAssist\system\View\View.php(216): CodeIgniter\View\View->CodeIgniter\View\{closure}()
#7 C:\Users\Warvin\Desktop\My Files\eAssist\system\Common.php(1177): CodeIgniter\View\View->render('admin/index', Array, true)
#8 C:\Users\Warvin\Desktop\My Files\eAssist\app\Controllers\Home.php(187): view('admin/index', Array)
#9 C:\Users\Warvin\Desktop\My Files\eAssist\system\CodeIgniter.php(934): App\Controllers\Home->adminDashboard()
#10 C:\Users\Warvin\Desktop\My Files\eAssist\system\CodeIgniter.php(499): CodeIgniter\CodeIgniter->runController(Object(App\Controllers\Home))
#11 C:\Users\Warvin\Desktop\My Files\eAssist\system\CodeIgniter.php(368): CodeIgniter\CodeIgniter->handleRequest(NULL, Object(Config\Cache), false)
#12 C:\Users\Warvin\Desktop\My Files\eAssist\public\index.php(67): CodeIgniter\CodeIgniter->run()
#13 C:\Users\Warvin\Desktop\My Files\eAssist\system\Commands\Server\rewrite.php(47): require_once('C:\\Users\\Warvin...')
#14 {main}
CRITICAL - 2025-02-08 12:38:24 --> Expression #2 of SELECT list is not in GROUP BY clause and contains nonaggregated column 'db_assist.a.ImplementationDate' which is not functionally dependent on columns in GROUP BY clause; this is incompatible with sql_mode=only_full_group_by
in SYSTEMPATH\Database\BaseConnection.php on line 645.
 1 SYSTEMPATH\Database\BaseBuilder.php(1602): CodeIgniter\Database\BaseConnection->query('SELECT `a`.`formID`, `a`.`ImplementationDate`, `b`.`Code`, `c`.`subjectName`
FROM `tblaction` `a`
LEFT JOIN `tblform` `b` ON `b`.`formID`=`a`.`formID`
LEFT JOIN `tblsubject` `c` ON `c`.`subjectID`=`b`.`subjectID`
WHERE `b`.`Status` = :b.Status:
GROUP BY `a`.`formID`', [...], false)
 2 APPPATH\Views\admin\index.php(464): CodeIgniter\Database\BaseBuilder->get()
 3 SYSTEMPATH\View\View.php(213): include('APPPATH\\Views\\admin\\index.php')
 4 SYSTEMPATH\View\View.php(216): CodeIgniter\View\View->CodeIgniter\View\{closure}()
 5 SYSTEMPATH\Common.php(1177): CodeIgniter\View\View->render('admin/index', [], true)
 6 APPPATH\Controllers\Home.php(187): view('admin/index', [...])
 7 SYSTEMPATH\CodeIgniter.php(934): App\Controllers\Home->adminDashboard()
 8 SYSTEMPATH\CodeIgniter.php(499): CodeIgniter\CodeIgniter->runController(Object(App\Controllers\Home))
 9 SYSTEMPATH\CodeIgniter.php(368): CodeIgniter\CodeIgniter->handleRequest(null, Object(Config\Cache), false)
10 FCPATH\index.php(67): CodeIgniter\CodeIgniter->run()
11 SYSTEMPATH\Commands\Server\rewrite.php(47): require_once('FCPATH\\index.php')
INFO - 2025-02-08 12:38:24 --> Session: Class initialized using 'CodeIgniter\Session\Handlers\FileHandler' driver.
ERROR - 2025-02-08 12:38:24 --> mysqli_sql_exception: Expression #2 of SELECT list is not in GROUP BY clause and contains nonaggregated column 'db_assist.a.ImplementationDate' which is not functionally dependent on columns in GROUP BY clause; this is incompatible with sql_mode=only_full_group_by in C:\Users\Warvin\Desktop\My Files\eAssist\system\Database\MySQLi\Connection.php:295
Stack trace:
#0 C:\Users\Warvin\Desktop\My Files\eAssist\system\Database\MySQLi\Connection.php(295): mysqli->query('SELECT `a`.`for...', 0)
#1 C:\Users\Warvin\Desktop\My Files\eAssist\system\Database\BaseConnection.php(691): CodeIgniter\Database\MySQLi\Connection->execute('SELECT `a`.`for...')
#2 C:\Users\Warvin\Desktop\My Files\eAssist\system\Database\BaseConnection.php(605): CodeIgniter\Database\BaseConnection->simpleQuery('SELECT `a`.`for...')
#3 C:\Users\Warvin\Desktop\My Files\eAssist\system\Database\BaseBuilder.php(1602): CodeIgniter\Database\BaseConnection->query('SELECT `a`.`for...', Array, false)
#4 C:\Users\Warvin\Desktop\My Files\eAssist\app\Views\admin\index.php(464): CodeIgniter\Database\BaseBuilder->get()
#5 C:\Users\Warvin\Desktop\My Files\eAssist\system\View\View.php(213): include('C:\\Users\\Warvin...')
#6 C:\Users\Warvin\Desktop\My Files\eAssist\system\View\View.php(216): CodeIgniter\View\View->CodeIgniter\View\{closure}()
#7 C:\Users\Warvin\Desktop\My Files\eAssist\system\Common.php(1177): CodeIgniter\View\View->render('admin/index', Array, true)
#8 C:\Users\Warvin\Desktop\My Files\eAssist\app\Controllers\Home.php(187): view('admin/index', Array)
#9 C:\Users\Warvin\Desktop\My Files\eAssist\system\CodeIgniter.php(934): App\Controllers\Home->adminDashboard()
#10 C:\Users\Warvin\Desktop\My Files\eAssist\system\CodeIgniter.php(499): CodeIgniter\CodeIgniter->runController(Object(App\Controllers\Home))
#11 C:\Users\Warvin\Desktop\My Files\eAssist\system\CodeIgniter.php(368): CodeIgniter\CodeIgniter->handleRequest(NULL, Object(Config\Cache), false)
#12 C:\Users\Warvin\Desktop\My Files\eAssist\public\index.php(67): CodeIgniter\CodeIgniter->run()
#13 C:\Users\Warvin\Desktop\My Files\eAssist\system\Commands\Server\rewrite.php(47): require_once('C:\\Users\\Warvin...')
#14 {main}
CRITICAL - 2025-02-08 12:38:24 --> Expression #2 of SELECT list is not in GROUP BY clause and contains nonaggregated column 'db_assist.a.ImplementationDate' which is not functionally dependent on columns in GROUP BY clause; this is incompatible with sql_mode=only_full_group_by
in SYSTEMPATH\Database\BaseConnection.php on line 645.
 1 SYSTEMPATH\Database\BaseBuilder.php(1602): CodeIgniter\Database\BaseConnection->query('SELECT `a`.`formID`, `a`.`ImplementationDate`, `b`.`Code`, `c`.`subjectName`
FROM `tblaction` `a`
LEFT JOIN `tblform` `b` ON `b`.`formID`=`a`.`formID`
LEFT JOIN `tblsubject` `c` ON `c`.`subjectID`=`b`.`subjectID`
WHERE `b`.`Status` = :b.Status:
GROUP BY `a`.`formID`', [...], false)
 2 APPPATH\Views\admin\index.php(464): CodeIgniter\Database\BaseBuilder->get()
 3 SYSTEMPATH\View\View.php(213): include('APPPATH\\Views\\admin\\index.php')
 4 SYSTEMPATH\View\View.php(216): CodeIgniter\View\View->CodeIgniter\View\{closure}()
 5 SYSTEMPATH\Common.php(1177): CodeIgniter\View\View->render('admin/index', [], true)
 6 APPPATH\Controllers\Home.php(187): view('admin/index', [...])
 7 SYSTEMPATH\CodeIgniter.php(934): App\Controllers\Home->adminDashboard()
 8 SYSTEMPATH\CodeIgniter.php(499): CodeIgniter\CodeIgniter->runController(Object(App\Controllers\Home))
 9 SYSTEMPATH\CodeIgniter.php(368): CodeIgniter\CodeIgniter->handleRequest(null, Object(Config\Cache), false)
10 FCPATH\index.php(67): CodeIgniter\CodeIgniter->run()
11 SYSTEMPATH\Commands\Server\rewrite.php(47): require_once('FCPATH\\index.php')
INFO - 2025-02-08 12:41:50 --> Session: Class initialized using 'CodeIgniter\Session\Handlers\FileHandler' driver.
INFO - 2025-02-08 12:42:39 --> Session: Class initialized using 'CodeIgniter\Session\Handlers\FileHandler' driver.
INFO - 2025-02-08 12:42:40 --> Session: Class initialized using 'CodeIgniter\Session\Handlers\FileHandler' driver.
INFO - 2025-02-08 12:43:41 --> Session: Class initialized using 'CodeIgniter\Session\Handlers\FileHandler' driver.
INFO - 2025-02-08 12:43:46 --> Session: Class initialized using 'CodeIgniter\Session\Handlers\FileHandler' driver.
INFO - 2025-02-08 12:43:50 --> Session: Class initialized using 'CodeIgniter\Session\Handlers\FileHandler' driver.
INFO - 2025-02-08 12:43:55 --> Session: Class initialized using 'CodeIgniter\Session\Handlers\FileHandler' driver.
INFO - 2025-02-08 12:44:00 --> Session: Class initialized using 'CodeIgniter\Session\Handlers\FileHandler' driver.
INFO - 2025-02-08 12:44:12 --> Session: Class initialized using 'CodeIgniter\Session\Handlers\FileHandler' driver.
INFO - 2025-02-08 12:44:31 --> Session: Class initialized using 'CodeIgniter\Session\Handlers\FileHandler' driver.
INFO - 2025-02-08 12:44:35 --> Session: Class initialized using 'CodeIgniter\Session\Handlers\FileHandler' driver.
INFO - 2025-02-08 12:47:07 --> Session: Class initialized using 'CodeIgniter\Session\Handlers\FileHandler' driver.
INFO - 2025-02-08 12:47:15 --> Session: Class initialized using 'CodeIgniter\Session\Handlers\FileHandler' driver.
INFO - 2025-02-08 12:47:15 --> Session: Class initialized using 'CodeIgniter\Session\Handlers\FileHandler' driver.
INFO - 2025-02-08 12:47:22 --> Session: Class initialized using 'CodeIgniter\Session\Handlers\FileHandler' driver.
INFO - 2025-02-08 12:47:22 --> Session: Class initialized using 'CodeIgniter\Session\Handlers\FileHandler' driver.
INFO - 2025-02-08 12:47:29 --> Session: Class initialized using 'CodeIgniter\Session\Handlers\FileHandler' driver.
INFO - 2025-02-08 12:47:29 --> Session: Class initialized using 'CodeIgniter\Session\Handlers\FileHandler' driver.
INFO - 2025-02-08 12:47:30 --> Session: Class initialized using 'CodeIgniter\Session\Handlers\FileHandler' driver.
INFO - 2025-02-08 12:47:30 --> Session: Class initialized using 'CodeIgniter\Session\Handlers\FileHandler' driver.
INFO - 2025-02-08 12:47:34 --> Session: Class initialized using 'CodeIgniter\Session\Handlers\FileHandler' driver.
ERROR - 2025-02-08 12:47:40 --> mysqli_sql_exception: Expression #7 of SELECT list is not in GROUP BY clause and contains nonaggregated column 'db_assist.e.actionName' which is not functionally dependent on columns in GROUP BY clause; this is incompatible with sql_mode=only_full_group_by in C:\Users\Warvin\Desktop\My Files\eAssist\system\Database\MySQLi\Connection.php:295
Stack trace:
#0 C:\Users\Warvin\Desktop\My Files\eAssist\system\Database\MySQLi\Connection.php(295): mysqli->query('SELECT `a`.`for...', 0)
#1 C:\Users\Warvin\Desktop\My Files\eAssist\system\Database\BaseConnection.php(691): CodeIgniter\Database\MySQLi\Connection->execute('SELECT `a`.`for...')
#2 C:\Users\Warvin\Desktop\My Files\eAssist\system\Database\BaseConnection.php(605): CodeIgniter\Database\BaseConnection->simpleQuery('SELECT `a`.`for...')
#3 C:\Users\Warvin\Desktop\My Files\eAssist\system\Database\BaseBuilder.php(1602): CodeIgniter\Database\BaseConnection->query('SELECT `a`.`for...', Array, false)
#4 C:\Users\Warvin\Desktop\My Files\eAssist\app\Controllers\ActionController.php(1010): CodeIgniter\Database\BaseBuilder->get()
#5 C:\Users\Warvin\Desktop\My Files\eAssist\system\CodeIgniter.php(934): App\Controllers\ActionController->generateTAReport()
#6 C:\Users\Warvin\Desktop\My Files\eAssist\system\CodeIgniter.php(499): CodeIgniter\CodeIgniter->runController(Object(App\Controllers\ActionController))
#7 C:\Users\Warvin\Desktop\My Files\eAssist\system\CodeIgniter.php(368): CodeIgniter\CodeIgniter->handleRequest(NULL, Object(Config\Cache), false)
#8 C:\Users\Warvin\Desktop\My Files\eAssist\public\index.php(67): CodeIgniter\CodeIgniter->run()
#9 C:\Users\Warvin\Desktop\My Files\eAssist\system\Commands\Server\rewrite.php(47): require_once('C:\\Users\\Warvin...')
#10 {main}
CRITICAL - 2025-02-08 12:47:40 --> Expression #7 of SELECT list is not in GROUP BY clause and contains nonaggregated column 'db_assist.e.actionName' which is not functionally dependent on columns in GROUP BY clause; this is incompatible with sql_mode=only_full_group_by
in SYSTEMPATH\Database\BaseConnection.php on line 645.
 1 SYSTEMPATH\Database\BaseBuilder.php(1602): CodeIgniter\Database\BaseConnection->query('SELECT `a`.`formID`, `a`.`Code`, `a`.`Details`, `b`.`schoolName`, `c`.`clusterName`, `d`.`subjectName`, `e`.`actionName`, `e`.`Recommendation`
FROM `tblform` `a`
LEFT JOIN `tblschool` `b` ON `b`.`schoolID`=`a`.`schoolID`
LEFT JOIN `tblcluster` `c` ON `c`.`clusterID`=`a`.`clusterID`
LEFT JOIN `tblsubject` `d` ON `d`.`subjectID`=`a`.`subjectID`
LEFT JOIN `tblaction` `e` ON `e`.`formID`=`a`.`formID`
WHERE DATE_FORMAT(a.DateCreated,"%m") = :DATE_FORMAT(a.DateCreated,"%m"):
AND DATE_FORMAT(a.DateCreated,"%Y") = :DATE_FORMAT(a.DateCreated,"%Y"):
GROUP BY `a`.`formID`', [...], false)
 2 APPPATH\Controllers\ActionController.php(1010): CodeIgniter\Database\BaseBuilder->get()
 3 SYSTEMPATH\CodeIgniter.php(934): App\Controllers\ActionController->generateTAReport()
 4 SYSTEMPATH\CodeIgniter.php(499): CodeIgniter\CodeIgniter->runController(Object(App\Controllers\ActionController))
 5 SYSTEMPATH\CodeIgniter.php(368): CodeIgniter\CodeIgniter->handleRequest(null, Object(Config\Cache), false)
 6 FCPATH\index.php(67): CodeIgniter\CodeIgniter->run()
 7 SYSTEMPATH\Commands\Server\rewrite.php(47): require_once('FCPATH\\index.php')
ERROR - 2025-02-08 12:47:59 --> mysqli_sql_exception: Expression #7 of SELECT list is not in GROUP BY clause and contains nonaggregated column 'db_assist.e.actionName' which is not functionally dependent on columns in GROUP BY clause; this is incompatible with sql_mode=only_full_group_by in C:\Users\Warvin\Desktop\My Files\eAssist\system\Database\MySQLi\Connection.php:295
Stack trace:
#0 C:\Users\Warvin\Desktop\My Files\eAssist\system\Database\MySQLi\Connection.php(295): mysqli->query('SELECT `a`.`for...', 0)
#1 C:\Users\Warvin\Desktop\My Files\eAssist\system\Database\BaseConnection.php(691): CodeIgniter\Database\MySQLi\Connection->execute('SELECT `a`.`for...')
#2 C:\Users\Warvin\Desktop\My Files\eAssist\system\Database\BaseConnection.php(605): CodeIgniter\Database\BaseConnection->simpleQuery('SELECT `a`.`for...')
#3 C:\Users\Warvin\Desktop\My Files\eAssist\system\Database\BaseBuilder.php(1602): CodeIgniter\Database\BaseConnection->query('SELECT `a`.`for...', Array, false)
#4 C:\Users\Warvin\Desktop\My Files\eAssist\app\Controllers\ActionController.php(1010): CodeIgniter\Database\BaseBuilder->get()
#5 C:\Users\Warvin\Desktop\My Files\eAssist\system\CodeIgniter.php(934): App\Controllers\ActionController->generateTAReport()
#6 C:\Users\Warvin\Desktop\My Files\eAssist\system\CodeIgniter.php(499): CodeIgniter\CodeIgniter->runController(Object(App\Controllers\ActionController))
#7 C:\Users\Warvin\Desktop\My Files\eAssist\system\CodeIgniter.php(368): CodeIgniter\CodeIgniter->handleRequest(NULL, Object(Config\Cache), false)
#8 C:\Users\Warvin\Desktop\My Files\eAssist\public\index.php(67): CodeIgniter\CodeIgniter->run()
#9 C:\Users\Warvin\Desktop\My Files\eAssist\system\Commands\Server\rewrite.php(47): require_once('C:\\Users\\Warvin...')
#10 {main}
CRITICAL - 2025-02-08 12:47:59 --> Expression #7 of SELECT list is not in GROUP BY clause and contains nonaggregated column 'db_assist.e.actionName' which is not functionally dependent on columns in GROUP BY clause; this is incompatible with sql_mode=only_full_group_by
in SYSTEMPATH\Database\BaseConnection.php on line 645.
 1 SYSTEMPATH\Database\BaseBuilder.php(1602): CodeIgniter\Database\BaseConnection->query('SELECT `a`.`formID`, `a`.`Code`, `a`.`Details`, `b`.`schoolName`, `c`.`clusterName`, `d`.`subjectName`, `e`.`actionName`, `e`.`Recommendation`
FROM `tblform` `a`
LEFT JOIN `tblschool` `b` ON `b`.`schoolID`=`a`.`schoolID`
LEFT JOIN `tblcluster` `c` ON `c`.`clusterID`=`a`.`clusterID`
LEFT JOIN `tblsubject` `d` ON `d`.`subjectID`=`a`.`subjectID`
LEFT JOIN `tblaction` `e` ON `e`.`formID`=`a`.`formID`
WHERE DATE_FORMAT(a.DateCreated,"%m") = :DATE_FORMAT(a.DateCreated,"%m"):
AND DATE_FORMAT(a.DateCreated,"%Y") = :DATE_FORMAT(a.DateCreated,"%Y"):
GROUP BY `a`.`formID`', [...], false)
 2 APPPATH\Controllers\ActionController.php(1010): CodeIgniter\Database\BaseBuilder->get()
 3 SYSTEMPATH\CodeIgniter.php(934): App\Controllers\ActionController->generateTAReport()
 4 SYSTEMPATH\CodeIgniter.php(499): CodeIgniter\CodeIgniter->runController(Object(App\Controllers\ActionController))
 5 SYSTEMPATH\CodeIgniter.php(368): CodeIgniter\CodeIgniter->handleRequest(null, Object(Config\Cache), false)
 6 FCPATH\index.php(67): CodeIgniter\CodeIgniter->run()
 7 SYSTEMPATH\Commands\Server\rewrite.php(47): require_once('FCPATH\\index.php')
ERROR - 2025-02-08 12:56:19 --> mysqli_sql_exception: Expression #7 of SELECT list is not in GROUP BY clause and contains nonaggregated column 'db_assist.e.actionName' which is not functionally dependent on columns in GROUP BY clause; this is incompatible with sql_mode=only_full_group_by in C:\Users\Warvin\Desktop\My Files\eAssist\system\Database\MySQLi\Connection.php:295
Stack trace:
#0 C:\Users\Warvin\Desktop\My Files\eAssist\system\Database\MySQLi\Connection.php(295): mysqli->query('SELECT `a`.`for...', 0)
#1 C:\Users\Warvin\Desktop\My Files\eAssist\system\Database\BaseConnection.php(691): CodeIgniter\Database\MySQLi\Connection->execute('SELECT `a`.`for...')
#2 C:\Users\Warvin\Desktop\My Files\eAssist\system\Database\BaseConnection.php(605): CodeIgniter\Database\BaseConnection->simpleQuery('SELECT `a`.`for...')
#3 C:\Users\Warvin\Desktop\My Files\eAssist\system\Database\BaseBuilder.php(1602): CodeIgniter\Database\BaseConnection->query('SELECT `a`.`for...', Array, false)
#4 C:\Users\Warvin\Desktop\My Files\eAssist\app\Controllers\ActionController.php(1021): CodeIgniter\Database\BaseBuilder->get()
#5 C:\Users\Warvin\Desktop\My Files\eAssist\system\CodeIgniter.php(934): App\Controllers\ActionController->generateTAReport()
#6 C:\Users\Warvin\Desktop\My Files\eAssist\system\CodeIgniter.php(499): CodeIgniter\CodeIgniter->runController(Object(App\Controllers\ActionController))
#7 C:\Users\Warvin\Desktop\My Files\eAssist\system\CodeIgniter.php(368): CodeIgniter\CodeIgniter->handleRequest(NULL, Object(Config\Cache), false)
#8 C:\Users\Warvin\Desktop\My Files\eAssist\public\index.php(67): CodeIgniter\CodeIgniter->run()
#9 C:\Users\Warvin\Desktop\My Files\eAssist\system\Commands\Server\rewrite.php(47): require_once('C:\\Users\\Warvin...')
#10 {main}
CRITICAL - 2025-02-08 12:56:19 --> Expression #7 of SELECT list is not in GROUP BY clause and contains nonaggregated column 'db_assist.e.actionName' which is not functionally dependent on columns in GROUP BY clause; this is incompatible with sql_mode=only_full_group_by
in SYSTEMPATH\Database\BaseConnection.php on line 645.
 1 SYSTEMPATH\Database\BaseBuilder.php(1602): CodeIgniter\Database\BaseConnection->query('SELECT `a`.`formID`, `a`.`Code`, `a`.`Details`, `b`.`schoolName`, `c`.`clusterName`, `d`.`subjectName`, `e`.`actionName`, `e`.`Recommendation`
FROM `tblform` `a`
LEFT JOIN `tblschool` `b` ON `b`.`schoolID`=`a`.`schoolID`
LEFT JOIN `tblcluster` `c` ON `c`.`clusterID`=`a`.`clusterID`
LEFT JOIN `tblsubject` `d` ON `d`.`subjectID`=`a`.`subjectID`
INNER JOIN `tblaction` `e` ON `e`.`formID`=`a`.`formID`
WHERE DATE_FORMAT(a.DateCreated,"%m") = :DATE_FORMAT(a.DateCreated,"%m"):
AND DATE_FORMAT(a.DateCreated,"%Y") = :DATE_FORMAT(a.DateCreated,"%Y"):
GROUP BY `a`.`formID`', [...], false)
 2 APPPATH\Controllers\ActionController.php(1021): CodeIgniter\Database\BaseBuilder->get()
 3 SYSTEMPATH\CodeIgniter.php(934): App\Controllers\ActionController->generateTAReport()
 4 SYSTEMPATH\CodeIgniter.php(499): CodeIgniter\CodeIgniter->runController(Object(App\Controllers\ActionController))
 5 SYSTEMPATH\CodeIgniter.php(368): CodeIgniter\CodeIgniter->handleRequest(null, Object(Config\Cache), false)
 6 FCPATH\index.php(67): CodeIgniter\CodeIgniter->run()
 7 SYSTEMPATH\Commands\Server\rewrite.php(47): require_once('FCPATH\\index.php')
INFO - 2025-02-08 12:56:53 --> Session: Class initialized using 'CodeIgniter\Session\Handlers\FileHandler' driver.
INFO - 2025-02-08 12:56:53 --> Session: Class initialized using 'CodeIgniter\Session\Handlers\FileHandler' driver.
INFO - 2025-02-08 13:33:03 --> Session: Class initialized using 'CodeIgniter\Session\Handlers\FileHandler' driver.
INFO - 2025-02-08 13:33:15 --> Session: Class initialized using 'CodeIgniter\Session\Handlers\FileHandler' driver.
INFO - 2025-02-08 13:33:15 --> Session: Class initialized using 'CodeIgniter\Session\Handlers\FileHandler' driver.
INFO - 2025-02-08 13:33:19 --> Session: Class initialized using 'CodeIgniter\Session\Handlers\FileHandler' driver.
ERROR - 2025-02-08 13:33:24 --> mysqli_sql_exception: Expression #7 of SELECT list is not in GROUP BY clause and contains nonaggregated column 'db_assist.e.actionName' which is not functionally dependent on columns in GROUP BY clause; this is incompatible with sql_mode=only_full_group_by in C:\Users\Warvin\Desktop\My Files\eAssist\system\Database\MySQLi\Connection.php:295
Stack trace:
#0 C:\Users\Warvin\Desktop\My Files\eAssist\system\Database\MySQLi\Connection.php(295): mysqli->query('SELECT `a`.`for...', 0)
#1 C:\Users\Warvin\Desktop\My Files\eAssist\system\Database\BaseConnection.php(691): CodeIgniter\Database\MySQLi\Connection->execute('SELECT `a`.`for...')
#2 C:\Users\Warvin\Desktop\My Files\eAssist\system\Database\BaseConnection.php(605): CodeIgniter\Database\BaseConnection->simpleQuery('SELECT `a`.`for...')
#3 C:\Users\Warvin\Desktop\My Files\eAssist\system\Database\BaseBuilder.php(1602): CodeIgniter\Database\BaseConnection->query('SELECT `a`.`for...', Array, false)
#4 C:\Users\Warvin\Desktop\My Files\eAssist\app\Controllers\ActionController.php(1021): CodeIgniter\Database\BaseBuilder->get()
#5 C:\Users\Warvin\Desktop\My Files\eAssist\system\CodeIgniter.php(934): App\Controllers\ActionController->generateTAReport()
#6 C:\Users\Warvin\Desktop\My Files\eAssist\system\CodeIgniter.php(499): CodeIgniter\CodeIgniter->runController(Object(App\Controllers\ActionController))
#7 C:\Users\Warvin\Desktop\My Files\eAssist\system\CodeIgniter.php(368): CodeIgniter\CodeIgniter->handleRequest(NULL, Object(Config\Cache), false)
#8 C:\Users\Warvin\Desktop\My Files\eAssist\public\index.php(67): CodeIgniter\CodeIgniter->run()
#9 C:\Users\Warvin\Desktop\My Files\eAssist\system\Commands\Server\rewrite.php(47): require_once('C:\\Users\\Warvin...')
#10 {main}
CRITICAL - 2025-02-08 13:33:24 --> Expression #7 of SELECT list is not in GROUP BY clause and contains nonaggregated column 'db_assist.e.actionName' which is not functionally dependent on columns in GROUP BY clause; this is incompatible with sql_mode=only_full_group_by
in SYSTEMPATH\Database\BaseConnection.php on line 645.
 1 SYSTEMPATH\Database\BaseBuilder.php(1602): CodeIgniter\Database\BaseConnection->query('SELECT `a`.`formID`, `a`.`Code`, `a`.`Details`, `b`.`schoolName`, `c`.`clusterName`, `d`.`subjectName`, `e`.`actionName`, `e`.`Recommendation`
FROM `tblform` `a`
LEFT JOIN `tblschool` `b` ON `b`.`schoolID`=`a`.`schoolID`
LEFT JOIN `tblcluster` `c` ON `c`.`clusterID`=`a`.`clusterID`
LEFT JOIN `tblsubject` `d` ON `d`.`subjectID`=`a`.`subjectID`
INNER JOIN `tblaction` `e` ON `e`.`formID`=`a`.`formID`
WHERE DATE_FORMAT(a.DateCreated,"%m") = :DATE_FORMAT(a.DateCreated,"%m"):
AND DATE_FORMAT(a.DateCreated,"%Y") = :DATE_FORMAT(a.DateCreated,"%Y"):
GROUP BY `a`.`formID`', [...], false)
 2 APPPATH\Controllers\ActionController.php(1021): CodeIgniter\Database\BaseBuilder->get()
 3 SYSTEMPATH\CodeIgniter.php(934): App\Controllers\ActionController->generateTAReport()
 4 SYSTEMPATH\CodeIgniter.php(499): CodeIgniter\CodeIgniter->runController(Object(App\Controllers\ActionController))
 5 SYSTEMPATH\CodeIgniter.php(368): CodeIgniter\CodeIgniter->handleRequest(null, Object(Config\Cache), false)
 6 FCPATH\index.php(67): CodeIgniter\CodeIgniter->run()
 7 SYSTEMPATH\Commands\Server\rewrite.php(47): require_once('FCPATH\\index.php')
ERROR - 2025-02-08 13:33:38 --> mysqli_sql_exception: Expression #7 of SELECT list is not in GROUP BY clause and contains nonaggregated column 'db_assist.e.actionName' which is not functionally dependent on columns in GROUP BY clause; this is incompatible with sql_mode=only_full_group_by in C:\Users\Warvin\Desktop\My Files\eAssist\system\Database\MySQLi\Connection.php:295
Stack trace:
#0 C:\Users\Warvin\Desktop\My Files\eAssist\system\Database\MySQLi\Connection.php(295): mysqli->query('SELECT `a`.`for...', 0)
#1 C:\Users\Warvin\Desktop\My Files\eAssist\system\Database\BaseConnection.php(691): CodeIgniter\Database\MySQLi\Connection->execute('SELECT `a`.`for...')
#2 C:\Users\Warvin\Desktop\My Files\eAssist\system\Database\BaseConnection.php(605): CodeIgniter\Database\BaseConnection->simpleQuery('SELECT `a`.`for...')
#3 C:\Users\Warvin\Desktop\My Files\eAssist\system\Database\BaseBuilder.php(1602): CodeIgniter\Database\BaseConnection->query('SELECT `a`.`for...', Array, false)
#4 C:\Users\Warvin\Desktop\My Files\eAssist\app\Controllers\ActionController.php(1021): CodeIgniter\Database\BaseBuilder->get()
#5 C:\Users\Warvin\Desktop\My Files\eAssist\system\CodeIgniter.php(934): App\Controllers\ActionController->generateTAReport()
#6 C:\Users\Warvin\Desktop\My Files\eAssist\system\CodeIgniter.php(499): CodeIgniter\CodeIgniter->runController(Object(App\Controllers\ActionController))
#7 C:\Users\Warvin\Desktop\My Files\eAssist\system\CodeIgniter.php(368): CodeIgniter\CodeIgniter->handleRequest(NULL, Object(Config\Cache), false)
#8 C:\Users\Warvin\Desktop\My Files\eAssist\public\index.php(67): CodeIgniter\CodeIgniter->run()
#9 C:\Users\Warvin\Desktop\My Files\eAssist\system\Commands\Server\rewrite.php(47): require_once('C:\\Users\\Warvin...')
#10 {main}
CRITICAL - 2025-02-08 13:33:38 --> Expression #7 of SELECT list is not in GROUP BY clause and contains nonaggregated column 'db_assist.e.actionName' which is not functionally dependent on columns in GROUP BY clause; this is incompatible with sql_mode=only_full_group_by
in SYSTEMPATH\Database\BaseConnection.php on line 645.
 1 SYSTEMPATH\Database\BaseBuilder.php(1602): CodeIgniter\Database\BaseConnection->query('SELECT `a`.`formID`, `a`.`Code`, `a`.`Details`, `b`.`schoolName`, `c`.`clusterName`, `d`.`subjectName`, `e`.`actionName`, `e`.`Recommendation`
FROM `tblform` `a`
LEFT JOIN `tblschool` `b` ON `b`.`schoolID`=`a`.`schoolID`
LEFT JOIN `tblcluster` `c` ON `c`.`clusterID`=`a`.`clusterID`
LEFT JOIN `tblsubject` `d` ON `d`.`subjectID`=`a`.`subjectID`
INNER JOIN `tblaction` `e` ON `e`.`formID`=`a`.`formID`
WHERE DATE_FORMAT(a.DateCreated,"%m") = :DATE_FORMAT(a.DateCreated,"%m"):
AND DATE_FORMAT(a.DateCreated,"%Y") = :DATE_FORMAT(a.DateCreated,"%Y"):
GROUP BY `a`.`formID`', [...], false)
 2 APPPATH\Controllers\ActionController.php(1021): CodeIgniter\Database\BaseBuilder->get()
 3 SYSTEMPATH\CodeIgniter.php(934): App\Controllers\ActionController->generateTAReport()
 4 SYSTEMPATH\CodeIgniter.php(499): CodeIgniter\CodeIgniter->runController(Object(App\Controllers\ActionController))
 5 SYSTEMPATH\CodeIgniter.php(368): CodeIgniter\CodeIgniter->handleRequest(null, Object(Config\Cache), false)
 6 FCPATH\index.php(67): CodeIgniter\CodeIgniter->run()
 7 SYSTEMPATH\Commands\Server\rewrite.php(47): require_once('FCPATH\\index.php')
ERROR - 2025-02-08 13:46:16 --> mysqli_sql_exception: Expression #7 of SELECT list is not in GROUP BY clause and contains nonaggregated column 'e.actionName' which is not functionally dependent on columns in GROUP BY clause; this is incompatible with sql_mode=only_full_group_by in C:\Users\Warvin\Desktop\My Files\eAssist\system\Database\MySQLi\Connection.php:295
Stack trace:
#0 C:\Users\Warvin\Desktop\My Files\eAssist\system\Database\MySQLi\Connection.php(295): mysqli->query('SELECT `a`.`for...', 0)
#1 C:\Users\Warvin\Desktop\My Files\eAssist\system\Database\BaseConnection.php(691): CodeIgniter\Database\MySQLi\Connection->execute('SELECT `a`.`for...')
#2 C:\Users\Warvin\Desktop\My Files\eAssist\system\Database\BaseConnection.php(605): CodeIgniter\Database\BaseConnection->simpleQuery('SELECT `a`.`for...')
#3 C:\Users\Warvin\Desktop\My Files\eAssist\system\Database\BaseBuilder.php(1602): CodeIgniter\Database\BaseConnection->query('SELECT `a`.`for...', Array, false)
#4 C:\Users\Warvin\Desktop\My Files\eAssist\app\Controllers\ActionController.php(1021): CodeIgniter\Database\BaseBuilder->get()
#5 C:\Users\Warvin\Desktop\My Files\eAssist\system\CodeIgniter.php(934): App\Controllers\ActionController->generateTAReport()
#6 C:\Users\Warvin\Desktop\My Files\eAssist\system\CodeIgniter.php(499): CodeIgniter\CodeIgniter->runController(Object(App\Controllers\ActionController))
#7 C:\Users\Warvin\Desktop\My Files\eAssist\system\CodeIgniter.php(368): CodeIgniter\CodeIgniter->handleRequest(NULL, Object(Config\Cache), false)
#8 C:\Users\Warvin\Desktop\My Files\eAssist\public\index.php(67): CodeIgniter\CodeIgniter->run()
#9 C:\Users\Warvin\Desktop\My Files\eAssist\system\Commands\Server\rewrite.php(47): require_once('C:\\Users\\Warvin...')
#10 {main}
CRITICAL - 2025-02-08 13:46:16 --> Expression #7 of SELECT list is not in GROUP BY clause and contains nonaggregated column 'e.actionName' which is not functionally dependent on columns in GROUP BY clause; this is incompatible with sql_mode=only_full_group_by
in SYSTEMPATH\Database\BaseConnection.php on line 645.
 1 SYSTEMPATH\Database\BaseBuilder.php(1602): CodeIgniter\Database\BaseConnection->query('SELECT `a`.`formID`, `a`.`Code`, `a`.`Details`, `b`.`schoolName`, `c`.`clusterName`, `d`.`subjectName`, `e`.`actionName`, `e`.`Recommendation`
FROM `tblform` `a`
LEFT JOIN `tblschool` `b` ON `b`.`schoolID`=`a`.`schoolID`
LEFT JOIN `tblcluster` `c` ON `c`.`clusterID`=`a`.`clusterID`
LEFT JOIN `tblsubject` `d` ON `d`.`subjectID`=`a`.`subjectID`
LEFT JOIN (Select formID,actionName,Recommendation from tblaction) e ON `e`.`formID`=`a`.`formID`
WHERE DATE_FORMAT(a.DateCreated,"%m") = :DATE_FORMAT(a.DateCreated,"%m"):
AND DATE_FORMAT(a.DateCreated,"%Y") = :DATE_FORMAT(a.DateCreated,"%Y"):
GROUP BY `a`.`formID`', [...], false)
 2 APPPATH\Controllers\ActionController.php(1021): CodeIgniter\Database\BaseBuilder->get()
 3 SYSTEMPATH\CodeIgniter.php(934): App\Controllers\ActionController->generateTAReport()
 4 SYSTEMPATH\CodeIgniter.php(499): CodeIgniter\CodeIgniter->runController(Object(App\Controllers\ActionController))
 5 SYSTEMPATH\CodeIgniter.php(368): CodeIgniter\CodeIgniter->handleRequest(null, Object(Config\Cache), false)
 6 FCPATH\index.php(67): CodeIgniter\CodeIgniter->run()
 7 SYSTEMPATH\Commands\Server\rewrite.php(47): require_once('FCPATH\\index.php')
INFO - 2025-02-08 13:49:53 --> Session: Class initialized using 'CodeIgniter\Session\Handlers\FileHandler' driver.
INFO - 2025-02-08 13:49:54 --> Session: Class initialized using 'CodeIgniter\Session\Handlers\FileHandler' driver.
INFO - 2025-02-08 13:49:54 --> Session: Class initialized using 'CodeIgniter\Session\Handlers\FileHandler' driver.
INFO - 2025-02-08 13:49:54 --> Session: Class initialized using 'CodeIgniter\Session\Handlers\FileHandler' driver.
INFO - 2025-02-08 13:49:56 --> Session: Class initialized using 'CodeIgniter\Session\Handlers\FileHandler' driver.
INFO - 2025-02-08 13:51:15 --> Session: Class initialized using 'CodeIgniter\Session\Handlers\FileHandler' driver.
INFO - 2025-02-08 13:51:15 --> Session: Class initialized using 'CodeIgniter\Session\Handlers\FileHandler' driver.
INFO - 2025-02-08 14:28:23 --> Session: Class initialized using 'CodeIgniter\Session\Handlers\FileHandler' driver.
INFO - 2025-02-08 14:28:32 --> Session: Class initialized using 'CodeIgniter\Session\Handlers\FileHandler' driver.
INFO - 2025-02-08 14:28:32 --> Session: Class initialized using 'CodeIgniter\Session\Handlers\FileHandler' driver.
INFO - 2025-02-08 14:28:34 --> Session: Class initialized using 'CodeIgniter\Session\Handlers\FileHandler' driver.
CRITICAL - 2025-02-08 14:28:53 --> The PHP GD extension is required, but is not installed.
in VENDORPATH\dompdf\dompdf\lib\Cpdf.php on line 6091.
 1 VENDORPATH\dompdf\dompdf\src\Adapter\CPDF.php(672): Dompdf\Cpdf->addPngFromFile('C:\\Users\\Warvin\\AppData\\Local\\Temp\\ca_87A2.tmp', 278.89, 768.1413440377838, 37.5, 37.482907930720145)
 2 VENDORPATH\dompdf\dompdf\src\Renderer\Image.php(63): Dompdf\Adapter\CPDF->image('C:\\Users\\Warvin\\AppData\\Local\\Temp\\ca_87A2.tmp', 278.89, 36.26574803149606, 37.5, 37.482907930720145, 'normal')
 3 VENDORPATH\dompdf\dompdf\src\Renderer.php(305): Dompdf\Renderer\Image->render(Object(Dompdf\FrameDecorator\Image))
 4 VENDORPATH\dompdf\dompdf\src\Renderer.php(140): Dompdf\Renderer->_render_frame('image', Object(Dompdf\FrameDecorator\Image))
 5 VENDORPATH\dompdf\dompdf\src\Renderer.php(207): Dompdf\Renderer->render(Object(Dompdf\FrameDecorator\Image))
 6 VENDORPATH\dompdf\dompdf\src\Renderer.php(207): Dompdf\Renderer->render(Object(Dompdf\FrameDecorator\Block))
 7 VENDORPATH\dompdf\dompdf\src\Renderer.php(207): Dompdf\Renderer->render(Object(Dompdf\FrameDecorator\TableCell))
 8 VENDORPATH\dompdf\dompdf\src\Renderer.php(207): Dompdf\Renderer->render(Object(Dompdf\FrameDecorator\TableRow))
 9 VENDORPATH\dompdf\dompdf\src\Renderer.php(207): Dompdf\Renderer->render(Object(Dompdf\FrameDecorator\TableRowGroup))
10 VENDORPATH\dompdf\dompdf\src\Renderer.php(207): Dompdf\Renderer->render(Object(Dompdf\FrameDecorator\Table))
11 VENDORPATH\dompdf\dompdf\src\FrameReflower\Page.php(149): Dompdf\Renderer->render(Object(Dompdf\FrameDecorator\Block))
12 VENDORPATH\dompdf\dompdf\src\FrameDecorator\AbstractFrameDecorator.php(905): Dompdf\FrameReflower\Page->reflow(null)
13 VENDORPATH\dompdf\dompdf\src\Dompdf.php(808): Dompdf\FrameDecorator\AbstractFrameDecorator->reflow()
14 APPPATH\Controllers\ReportController.php(128): Dompdf\Dompdf->render()
15 SYSTEMPATH\CodeIgniter.php(934): App\Controllers\ReportController->exportReport()
16 SYSTEMPATH\CodeIgniter.php(499): CodeIgniter\CodeIgniter->runController(Object(App\Controllers\ReportController))
17 SYSTEMPATH\CodeIgniter.php(368): CodeIgniter\CodeIgniter->handleRequest(null, Object(Config\Cache), false)
18 FCPATH\index.php(67): CodeIgniter\CodeIgniter->run()
19 SYSTEMPATH\Commands\Server\rewrite.php(47): require_once('FCPATH\\index.php')
CRITICAL - 2025-02-08 14:28:53 --> Allowed memory size of 134217728 bytes exhausted (tried to allocate 58724352 bytes)
in APPPATH\Views\errors\html\error_exception.php on line 96.
 1 [internal function]: CodeIgniter\Debug\Exceptions->shutdownHandler()
INFO - 2025-02-08 14:29:21 --> Session: Class initialized using 'CodeIgniter\Session\Handlers\FileHandler' driver.
INFO - 2025-02-08 14:29:24 --> Session: Class initialized using 'CodeIgniter\Session\Handlers\FileHandler' driver.
INFO - 2025-02-08 14:29:32 --> Session: Class initialized using 'CodeIgniter\Session\Handlers\FileHandler' driver.
INFO - 2025-02-08 14:29:35 --> Session: Class initialized using 'CodeIgniter\Session\Handlers\FileHandler' driver.
INFO - 2025-02-08 14:29:35 --> Session: Class initialized using 'CodeIgniter\Session\Handlers\FileHandler' driver.
